TN:
SF:src/App.tsx
FN:23,AppContent
FN:47,(anonymous_2)
FN:57,(anonymous_3)
FN:97,App
FN:99,(anonymous_5)
FN:103,(anonymous_6)
FN:112,(anonymous_7)
FN:113,(anonymous_8)
FNF:8
FNH:0
FNDA:0,AppContent
FNDA:0,(anonymous_2)
FNDA:0,(anonymous_3)
FNDA:0,App
FNDA:0,(anonymous_5)
FNDA:0,(anonymous_6)
FNDA:0,(anonymous_7)
FNDA:0,(anonymous_8)
DA:1,0
DA:2,0
DA:3,0
DA:4,0
DA:5,0
DA:6,0
DA:7,0
DA:8,0
DA:9,0
DA:10,0
DA:11,0
DA:12,0
DA:13,0
DA:14,0
DA:15,0
DA:16,0
DA:17,0
DA:18,0
DA:19,0
DA:20,0
DA:21,0
DA:23,0
DA:24,0
DA:25,0
DA:28,0
DA:31,0
DA:35,0
DA:36,0
DA:37,0
DA:42,0
DA:43,0
DA:57,0
DA:58,0
DA:59,0
DA:62,0
DA:99,0
DA:100,0
DA:103,0
DA:104,0
DA:108,0
DA:111,0
DA:112,0
DA:113,0
DA:116,0
DA:119,0
DA:138,0
LF:46
LH:0
BRDA:35,0,0,0
BRDA:35,1,0,0
BRDA:35,1,1,0
BRDA:35,1,2,0
BRDA:42,2,0,0
BRDA:58,3,0,0
BRDA:58,3,1,0
BRF:7
BRH:0
end_of_record
TN:
SF:src/components/AddStaffModal.tsx
FN:14,AddStaffModal
FN:20,(anonymous_1)
FN:20,(anonymous_2)
FN:26,(anonymous_3)
FN:35,(anonymous_4)
FN:48,(anonymous_5)
FN:54,(anonymous_6)
FN:69,(anonymous_7)
FN:106,(anonymous_8)
FN:142,(anonymous_9)
FN:150,(anonymous_10)
FNF:11
FNH:0
FNDA:0,AddStaffModal
FNDA:0,(anonymous_1)
FNDA:0,(anonymous_2)
FNDA:0,(anonymous_3)
FNDA:0,(anonymous_4)
FNDA:0,(anonymous_5)
FNDA:0,(anonymous_6)
FNDA:0,(anonymous_7)
FNDA:0,(anonymous_8)
FNDA:0,(anonymous_9)
FNDA:0,(anonymous_10)
DA:2,0
DA:3,0
DA:4,0
DA:5,0
DA:6,0
DA:7,0
DA:14,0
DA:15,0
DA:16,0
DA:19,0
DA:20,0
DA:23,0
DA:24,0
DA:26,0
DA:31,0
DA:33,0
DA:35,0
DA:36,0
DA:37,0
DA:38,0
DA:39,0
DA:41,0
DA:43,0
DA:44,0
DA:48,0
DA:49,0
DA:50,0
DA:51,0
DA:54,0
DA:55,0
DA:56,0
DA:58,0
DA:62,0
DA:69,0
DA:106,0
DA:143,0
DA:151,0
DA:152,0
DA:153,0
LF:39
LH:0
BRDA:33,0,0,0
BRDA:55,1,0,0
BRDA:55,1,1,0
BRDA:108,2,0,0
BRDA:108,2,1,0
BRDA:108,3,0,0
BRDA:108,3,1,0
BRDA:121,4,0,0
BRDA:121,4,1,0
BRDA:121,4,2,0
BRDA:131,5,0,0
BRDA:131,5,1,0
BRDA:134,6,0,0
BRDA:134,6,1,0
BRDA:137,7,0,0
BRDA:137,7,1,0
BRDA:146,8,0,0
BRDA:146,8,1,0
BRF:18
BRH:0
end_of_record
TN:
SF:src/components/CSRFProvider.tsx
FN:15,CSRFProvider
FN:21,(anonymous_1)
FN:41,(anonymous_2)
FN:46,(anonymous_3)
FN:49,(anonymous_4)
FN:53,(anonymous_5)
FN:77,CSRFStatus
FNF:7
FNH:0
FNDA:0,CSRFProvider
FNDA:0,(anonymous_1)
FNDA:0,(anonymous_2)
FNDA:0,(anonymous_3)
FNDA:0,(anonymous_4)
FNDA:0,(anonymous_5)
FNDA:0,CSRFStatus
DA:6,0
DA:7,0
DA:8,0
DA:9,0
DA:15,0
DA:16,0
DA:17,0
DA:18,0
DA:19,0
DA:21,0
DA:22,0
DA:23,0
DA:24,0
DA:27,0
DA:28,0
DA:29,0
DA:30,0
DA:31,0
DA:33,0
DA:34,0
DA:36,0
DA:41,0
DA:42,0
DA:46,0
DA:47,0
DA:49,0
DA:50,0
DA:53,0
DA:56,0
DA:65,0
DA:77,0
DA:78,0
DA:81,0
DA:82,0
DA:85,0
LF:35
LH:0
BRDA:22,0,0,0
BRDA:33,1,0,0
BRDA:33,1,1,0
BRDA:47,2,0,0
BRDA:81,3,0,0
BRDA:87,4,0,0
BRDA:87,4,1,0
BRDA:88,5,0,0
BRDA:88,5,1,0
BRDA:89,6,0,0
BRDA:89,6,1,0
BRDA:90,7,0,0
BRDA:90,7,1,0
BRF:13
BRH:0
end_of_record
TN:
SF:src/components/ClosingOut.tsx
FN:18,ClosingOut
FN:37,(anonymous_2)
FN:158,(anonymous_3)
FN:212,(anonymous_4)
FNF:4
FNH:1
FNDA:5,ClosingOut
FNDA:0,(anonymous_2)
FNDA:0,(anonymous_3)
FNDA:0,(anonymous_4)
DA:1,1
DA:2,1
DA:3,1
DA:4,1
DA:5,1
DA:6,1
DA:7,1
DA:8,1
DA:9,1
DA:18,1
DA:19,5
DA:20,5
DA:21,5
DA:22,5
DA:34,5
DA:37,5
DA:38,0
DA:39,0
DA:40,0
DA:41,0
DA:42,0
DA:43,0
DA:44,0
DA:45,0
DA:46,0
DA:47,0
DA:51,5
DA:158,0
DA:212,0
LF:29
LH:17
BRDA:97,0,0,0
BRDA:97,0,1,5
BRDA:101,1,0,0
BRDA:101,1,1,5
BRDA:159,2,0,5
BRDA:159,2,1,5
BRDA:172,3,0,0
BRDA:172,3,1,5
BRDA:176,4,0,0
BRDA:176,4,1,5
BRF:10
BRH:6
end_of_record
TN:
SF:src/components/DepartureModal.tsx
FN:21,DepartureModalComponent
FN:28,(anonymous_1)
FN:31,(anonymous_2)
FN:44,(anonymous_3)
FN:84,(anonymous_4)
FN:212,(anonymous_5)
FNF:6
FNH:0
FNDA:0,DepartureModalComponent
FNDA:0,(anonymous_1)
FNDA:0,(anonymous_2)
FNDA:0,(anonymous_3)
FNDA:0,(anonymous_4)
FNDA:0,(anonymous_5)
DA:1,0
DA:3,0
DA:4,0
DA:5,0
DA:22,0
DA:23,0
DA:25,0
DA:28,0
DA:29,0
DA:31,0
DA:32,0
DA:33,0
DA:34,0
DA:36,0
DA:38,0
DA:40,0
DA:44,0
DA:45,0
DA:48,0
DA:85,0
DA:206,0
DA:212,0
DA:218,0
DA:224,0
LF:24
LH:0
BRDA:25,0,0,0
BRDA:53,1,0,0
BRDA:53,1,1,0
BRDA:76,2,0,0
BRDA:76,2,1,0
BRDA:80,3,0,0
BRDA:80,3,1,0
BRDA:106,4,0,0
BRDA:106,4,1,0
BRDA:117,5,0,0
BRDA:117,5,1,0
BRDA:140,6,0,0
BRDA:140,6,1,0
BRDA:151,7,0,0
BRDA:151,7,1,0
BRDA:180,8,0,0
BRDA:180,8,1,0
BRDA:192,9,0,0
BRDA:192,9,1,0
BRDA:212,10,0,0
BRDA:212,10,1,0
BRDA:212,10,2,0
BRDA:212,10,3,0
BRDA:212,10,4,0
BRF:24
BRH:0
end_of_record
TN:
SF:src/components/EditSessionModal.tsx
FN:15,EditSessionModal
FN:36,(anonymous_1)
FN:55,(anonymous_2)
FN:56,(anonymous_3)
FN:62,(anonymous_4)
FN:104,(anonymous_5)
FN:129,(anonymous_6)
FN:130,(anonymous_7)
FN:133,(anonymous_8)
FN:161,(anonymous_9)
FN:161,(anonymous_10)
FN:167,(anonymous_11)
FN:185,(anonymous_12)
FN:185,(anonymous_13)
FN:191,(anonymous_14)
FN:208,(anonymous_15)
FN:213,(anonymous_16)
FN:234,(anonymous_17)
FN:234,(anonymous_18)
FN:251,(anonymous_19)
FN:251,(anonymous_20)
FN:272,(anonymous_21)
FN:272,(anonymous_22)
FNF:23
FNH:2
FNDA:5,EditSessionModal
FNDA:5,(anonymous_1)
FNDA:0,(anonymous_2)
FNDA:0,(anonymous_3)
FNDA:0,(anonymous_4)
FNDA:0,(anonymous_5)
FNDA:0,(anonymous_6)
FNDA:0,(anonymous_7)
FNDA:0,(anonymous_8)
FNDA:0,(anonymous_9)
FNDA:0,(anonymous_10)
FNDA:0,(anonymous_11)
FNDA:0,(anonymous_12)
FNDA:0,(anonymous_13)
FNDA:0,(anonymous_14)
FNDA:0,(anonymous_15)
FNDA:0,(anonymous_16)
FNDA:0,(anonymous_17)
FNDA:0,(anonymous_18)
FNDA:0,(anonymous_19)
FNDA:0,(anonymous_20)
FNDA:0,(anonymous_21)
FNDA:0,(anonymous_22)
DA:1,1
DA:3,1
DA:15,1
DA:24,5
DA:33,5
DA:36,5
DA:37,5
DA:38,0
DA:39,0
DA:41,0
DA:49,0
DA:53,5
DA:55,0
DA:56,0
DA:59,0
DA:60,0
DA:62,0
DA:63,0
DA:65,0
DA:66,0
DA:69,0
DA:70,0
DA:73,0
DA:74,0
DA:77,0
DA:78,0
DA:81,0
DA:82,0
DA:85,0
DA:86,0
DA:89,0
DA:90,0
DA:93,0
DA:94,0
DA:96,0
DA:97,0
DA:100,0
DA:101,0
DA:104,0
DA:105,0
DA:107,0
DA:108,0
DA:111,0
DA:112,0
DA:115,0
DA:126,0
DA:129,0
DA:130,0
DA:133,0
DA:138,0
DA:161,0
DA:168,0
DA:185,0
DA:192,0
DA:209,0
DA:213,0
DA:234,0
DA:251,0
DA:272,0
LF:59
LH:8
BRDA:37,0,0,0
BRDA:53,1,0,5
BRDA:53,2,0,5
BRDA:53,2,1,0
BRDA:59,3,0,0
BRDA:59,3,1,0
BRDA:65,4,0,0
BRDA:69,5,0,0
BRDA:73,6,0,0
BRDA:77,7,0,0
BRDA:81,8,0,0
BRDA:85,9,0,0
BRDA:89,10,0,0
BRDA:96,11,0,0
BRDA:107,12,0,0
BRDA:111,13,0,0
BRDA:111,14,0,0
BRDA:111,14,1,0
BRDA:132,15,0,0
BRDA:132,15,1,0
BRDA:163,16,0,0
BRDA:163,16,1,0
BRDA:173,17,0,0
BRDA:173,17,1,0
BRDA:187,18,0,0
BRDA:187,18,1,0
BRDA:197,19,0,0
BRDA:197,19,1,0
BRDA:220,20,0,0
BRDA:220,20,1,0
BRDA:236,21,0,0
BRDA:236,21,1,0
BRDA:239,22,0,0
BRDA:239,22,1,0
BRDA:253,23,0,0
BRDA:253,23,1,0
BRDA:256,24,0,0
BRDA:256,24,1,0
BRDA:274,25,0,0
BRDA:274,25,1,0
BRDA:277,26,0,0
BRDA:277,26,1,0
BRDA:290,27,0,0
BRDA:290,27,1,0
BRF:44
BRH:2
end_of_record
TN:
SF:src/components/ErrorBoundary.tsx
FN:21,(anonymous_0)
FN:55,(anonymous_1)
FN:26,(anonymous_2)
FN:31,(anonymous_3)
FN:59,(anonymous_4)
FN:93,(anonymous_5)
FNF:6
FNH:5
FNDA:33,(anonymous_0)
FNDA:0,(anonymous_1)
FNDA:26,(anonymous_2)
FNDA:13,(anonymous_3)
FNDA:71,(anonymous_4)
FNDA:1,(anonymous_5)
DA:1,2
DA:2,2
DA:22,33
DA:23,32
DA:28,26
DA:33,13
DA:36,13
DA:44,13
DA:50,13
DA:51,1
DA:55,32
DA:56,0
DA:60,71
DA:62,39
DA:63,3
DA:67,36
DA:93,1
DA:124,32
DA:128,2
LF:19
LH:18
BRDA:50,0,0,1
BRDA:60,1,0,39
BRDA:62,2,0,3
BRDA:101,3,0,36
BRDA:101,3,1,3
BRDA:101,3,2,3
BRDA:110,4,0,3
BRDA:110,4,1,3
BRF:8
BRH:8
end_of_record
TN:
SF:src/components/ExpenseModal.tsx
FN:22,ExpenseModal
FN:25,(anonymous_10)
FN:29,(anonymous_11)
FN:37,(anonymous_12)
FN:57,(anonymous_13)
FN:62,(anonymous_14)
FN:105,(anonymous_15)
FN:109,(anonymous_16)
FN:156,(anonymous_17)
FN:157,(anonymous_18)
FNF:10
FNH:0
FNDA:0,ExpenseModal
FNDA:0,(anonymous_10)
FNDA:0,(anonymous_11)
FNDA:0,(anonymous_12)
FNDA:0,(anonymous_13)
FNDA:0,(anonymous_14)
FNDA:0,(anonymous_15)
FNDA:0,(anonymous_16)
FNDA:0,(anonymous_17)
FNDA:0,(anonymous_18)
DA:1,0
DA:3,0
DA:13,0
DA:23,0
DA:25,0
DA:26,0
DA:29,0
DA:30,0
DA:32,0
DA:33,0
DA:34,0
DA:37,0
DA:38,0
DA:40,0
DA:42,0
DA:50,0
DA:53,0
DA:54,0
DA:57,0
DA:58,0
DA:59,0
DA:62,0
DA:64,0
DA:66,0
DA:106,0
DA:109,0
DA:157,0
DA:158,0
DA:183,0
LF:29
LH:0
BRDA:32,0,0,0
BRDA:38,1,0,0
BRDA:46,2,0,0
BRDA:46,2,1,0
BRDA:64,3,0,0
BRDA:111,4,0,0
BRDA:111,4,1,0
BRDA:121,5,0,0
BRDA:121,5,1,0
BRDA:152,6,0,0
BRDA:152,6,1,0
BRDA:162,7,0,0
BRDA:162,7,1,0
BRDA:165,8,0,0
BRDA:165,8,1,0
BRF:15
BRH:0
end_of_record
TN:
SF:src/components/ExpensesSummaryModal.tsx
FN:21,ExpensesSummaryModal
FN:22,(anonymous_1)
FN:24,(anonymous_2)
FN:25,(anonymous_3)
FN:29,(anonymous_4)
FN:30,(anonymous_5)
FN:31,(anonymous_6)
FN:47,(anonymous_7)
FN:50,(anonymous_8)
FN:52,(anonymous_9)
FN:54,(anonymous_10)
FN:57,(anonymous_11)
FN:109,(anonymous_12)
FN:110,(anonymous_13)
FN:146,(anonymous_14)
FNF:15
FNH:15
FNDA:7,ExpensesSummaryModal
FNDA:7,(anonymous_1)
FNDA:13,(anonymous_2)
FNDA:24,(anonymous_3)
FNDA:13,(anonymous_4)
FNDA:24,(anonymous_5)
FNDA:24,(anonymous_6)
FNDA:12,(anonymous_7)
FNDA:13,(anonymous_8)
FNDA:12,(anonymous_9)
FNDA:24,(anonymous_10)
FNDA:6,(anonymous_11)
FNDA:15,(anonymous_12)
FNDA:30,(anonymous_13)
FNDA:10,(anonymous_14)
DA:1,1
DA:3,1
DA:12,1
DA:21,1
DA:22,7
DA:24,7
DA:25,24
DA:29,7
DA:30,13
DA:31,24
DA:32,24
DA:33,6
DA:34,6
DA:36,18
DA:43,13
DA:47,12
DA:50,13
DA:51,7
DA:52,12
DA:54,24
DA:57,6
DA:59,7
DA:67,7
DA:69,6
DA:110,30
DA:111,15
DA:113,15
DA:147,10
DA:149,10
LF:29
LH:29
BRDA:32,0,0,6
BRDA:32,0,1,18
BRDA:67,1,0,1
BRDA:95,2,0,6
BRDA:95,2,1,0
BRDA:108,3,0,5
BRDA:108,3,1,1
BRDA:116,4,0,15
BRDA:116,4,1,0
BRDA:119,5,0,5
BRDA:119,5,1,10
BRDA:145,6,0,5
BRDA:145,6,1,1
BRDA:159,7,0,10
BRDA:159,7,1,0
BRF:15
BRH:12
end_of_record
TN:
SF:src/components/LazyComponents.tsx
FN:63,(anonymous_10)
FN:73,(anonymous_11)
FN:89,(anonymous_12)
FN:89,(anonymous_13)
FN:90,(anonymous_14)
FN:90,(anonymous_15)
FN:91,(anonymous_16)
FN:91,(anonymous_17)
FN:94,(anonymous_18)
FN:94,(anonymous_19)
FN:95,(anonymous_20)
FN:95,(anonymous_21)
FN:96,(anonymous_22)
FN:96,(anonymous_23)
FN:97,(anonymous_24)
FN:97,(anonymous_25)
FN:98,(anonymous_26)
FN:98,(anonymous_27)
FN:103,(anonymous_28)
FN:103,(anonymous_29)
FN:104,(anonymous_30)
FN:104,(anonymous_31)
FN:105,(anonymous_32)
FN:105,(anonymous_33)
FN:108,(anonymous_34)
FN:118,(anonymous_35)
FN:128,(anonymous_36)
FN:138,(anonymous_37)
FN:153,(anonymous_38)
FN:168,(anonymous_39)
FN:183,(anonymous_40)
FN:198,(anonymous_41)
FN:213,(anonymous_42)
FN:229,(anonymous_43)
FN:240,(anonymous_44)
FNF:35
FNH:4
FNDA:0,(anonymous_10)
FNDA:5,(anonymous_11)
FNDA:0,(anonymous_12)
FNDA:0,(anonymous_13)
FNDA:0,(anonymous_14)
FNDA:0,(anonymous_15)
FNDA:0,(anonymous_16)
FNDA:0,(anonymous_17)
FNDA:0,(anonymous_18)
FNDA:0,(anonymous_19)
FNDA:0,(anonymous_20)
FNDA:0,(anonymous_21)
FNDA:0,(anonymous_22)
FNDA:0,(anonymous_23)
FNDA:0,(anonymous_24)
FNDA:0,(anonymous_25)
FNDA:0,(anonymous_26)
FNDA:0,(anonymous_27)
FNDA:0,(anonymous_28)
FNDA:0,(anonymous_29)
FNDA:1,(anonymous_30)
FNDA:1,(anonymous_31)
FNDA:0,(anonymous_32)
FNDA:0,(anonymous_33)
FNDA:0,(anonymous_34)
FNDA:0,(anonymous_35)
FNDA:0,(anonymous_36)
FNDA:0,(anonymous_37)
FNDA:0,(anonymous_38)
FNDA:0,(anonymous_39)
FNDA:0,(anonymous_40)
FNDA:0,(anonymous_41)
FNDA:0,(anonymous_42)
FNDA:5,(anonymous_43)
FNDA:0,(anonymous_44)
DA:6,1
DA:7,1
DA:63,1
DA:64,0
DA:73,1
DA:74,5
DA:89,1
DA:90,1
DA:91,1
DA:94,1
DA:95,1
DA:96,1
DA:97,1
DA:98,1
DA:103,1
DA:104,2
DA:105,1
DA:108,1
DA:109,0
DA:118,1
DA:119,0
DA:128,1
DA:129,0
DA:138,1
DA:139,0
DA:153,1
DA:154,0
DA:168,1
DA:169,0
DA:183,1
DA:184,0
DA:198,1
DA:199,0
DA:213,1
DA:214,0
DA:229,1
DA:230,5
DA:240,1
DA:241,0
DA:257,1
DA:258,1
DA:259,1
DA:260,1
DA:261,1
DA:262,1
DA:263,1
DA:264,1
DA:265,1
DA:266,1
LF:49
LH:38
BRF:0
BRH:0
end_of_record
TN:
SF:src/components/LoadingScreen.tsx
FN:59,LoadingScreen
FN:87,(anonymous_1)
FN:89,(anonymous_2)
FN:90,(anonymous_3)
FN:93,(anonymous_4)
FN:98,(anonymous_5)
FN:99,(anonymous_6)
FN:100,(anonymous_7)
FN:103,(anonymous_8)
FN:107,(anonymous_9)
FN:109,(anonymous_10)
FN:110,(anonymous_11)
FN:116,(anonymous_12)
FN:154,(anonymous_13)
FN:175,(anonymous_14)
FN:182,(anonymous_15)
FN:196,(anonymous_16)
FN:198,(anonymous_17)
FN:261,(anonymous_18)
FNF:19
FNH:17
FNDA:16,LoadingScreen
FNDA:12,(anonymous_1)
FNDA:1,(anonymous_2)
FNDA:1,(anonymous_3)
FNDA:3,(anonymous_4)
FNDA:12,(anonymous_5)
FNDA:21,(anonymous_6)
FNDA:21,(anonymous_7)
FNDA:12,(anonymous_8)
FNDA:12,(anonymous_9)
FNDA:0,(anonymous_10)
FNDA:0,(anonymous_11)
FNDA:2,(anonymous_12)
FNDA:12,(anonymous_13)
FNDA:10,(anonymous_14)
FNDA:2,(anonymous_15)
FNDA:2,(anonymous_16)
FNDA:6,(anonymous_17)
FNDA:60,(anonymous_18)
DA:1,1
DA:2,1
DA:40,1
DA:51,1
DA:53,1
DA:59,1
DA:77,16
DA:78,16
DA:79,16
DA:80,16
DA:84,16
DA:87,16
DA:88,12
DA:89,3
DA:90,1
DA:93,3
DA:98,16
DA:99,12
DA:100,21
DA:103,12
DA:107,16
DA:108,12
DA:109,2
DA:110,0
DA:111,0
DA:112,0
DA:116,2
DA:121,16
DA:122,1
DA:126,15
DA:134,15
DA:146,15
DA:154,15
DA:155,12
DA:175,15
DA:176,10
DA:182,15
DA:183,2
DA:196,15
DA:197,2
DA:199,6
DA:208,15
DA:209,2
DA:221,13
DA:222,8
DA:237,5
DA:238,2
DA:256,3
DA:262,60
LF:49
LH:46
BRDA:60,0,0,2
BRDA:61,1,0,13
BRDA:62,2,0,13
BRDA:64,3,0,14
BRDA:65,4,0,14
BRDA:66,5,0,14
BRDA:67,6,0,16
BRDA:68,7,0,16
BRDA:69,8,0,16
BRDA:70,9,0,16
BRDA:71,10,0,15
BRDA:72,11,0,14
BRDA:73,12,0,16
BRDA:74,13,0,13
BRDA:88,14,0,3
BRDA:108,15,0,2
BRDA:111,16,0,0
BRDA:121,17,0,1
BRDA:122,18,0,1
BRDA:122,18,1,0
BRDA:208,19,0,2
BRDA:214,20,0,2
BRDA:214,20,1,2
BRDA:215,21,0,2
BRDA:215,21,1,0
BRDA:221,22,0,8
BRDA:226,23,0,8
BRDA:226,23,1,1
BRDA:229,24,0,8
BRDA:229,24,1,8
BRDA:231,25,0,8
BRDA:231,25,1,1
BRDA:237,26,0,2
BRDA:244,27,0,2
BRDA:244,27,1,1
BRDA:246,28,0,2
BRDA:246,28,1,2
BRDA:248,29,0,2
BRDA:248,29,1,1
BRDA:249,30,0,2
BRDA:249,30,1,2
BRDA:257,31,0,3
BRDA:257,31,1,0
BRDA:259,32,0,3
BRDA:259,32,1,3
BRDA:277,33,0,3
BRDA:277,33,1,3
BRDA:302,34,0,3
BRDA:302,34,1,0
BRDA:302,35,0,0
BRDA:302,35,1,0
BRDA:304,36,0,3
BRDA:304,36,1,3
BRDA:312,37,0,3
BRDA:312,37,1,0
BRDA:322,38,0,3
BRDA:322,38,1,0
BRDA:329,39,0,3
BRDA:329,39,1,0
BRDA:329,39,2,0
BRDA:332,40,0,0
BRDA:332,40,1,0
BRDA:333,41,0,0
BRDA:333,41,1,0
BRDA:334,42,0,0
BRDA:334,42,1,0
BRF:66
BRH:49
end_of_record
TN:
SF:src/components/MainDashboard.tsx
FN:14,MainDashboard
FN:22,(anonymous_11)
FN:26,(anonymous_12)
FN:30,(anonymous_13)
FNF:4
FNH:0
FNDA:0,MainDashboard
FNDA:0,(anonymous_11)
FNDA:0,(anonymous_12)
FNDA:0,(anonymous_13)
DA:1,0
DA:2,0
DA:3,0
DA:4,0
DA:5,0
DA:6,0
DA:7,0
DA:8,0
DA:9,0
DA:10,0
DA:11,0
DA:12,0
DA:15,0
DA:16,0
DA:17,0
DA:18,0
DA:19,0
DA:22,0
DA:23,0
DA:26,0
DA:27,0
DA:30,0
DA:31,0
DA:34,0
DA:85,0
LF:25
LH:0
BRF:0
BRH:0
end_of_record
TN:
SF:src/components/PrintSettings.tsx
FN:10,PrintSettings
FN:16,(anonymous_1)
FN:26,(anonymous_2)
FN:39,(anonymous_3)
FN:68,(anonymous_4)
FN:81,(anonymous_5)
FNF:6
FNH:0
FNDA:0,PrintSettings
FNDA:0,(anonymous_1)
FNDA:0,(anonymous_2)
FNDA:0,(anonymous_3)
FNDA:0,(anonymous_4)
FNDA:0,(anonymous_5)
DA:1,0
DA:2,0
DA:3,0
DA:10,0
DA:11,0
DA:12,0
DA:13,0
DA:14,0
DA:16,0
DA:17,0
DA:19,0
DA:20,0
DA:21,0
DA:22,0
DA:26,0
DA:27,0
DA:29,0
DA:30,0
DA:33,0
DA:35,0
DA:39,0
DA:40,0
DA:41,0
DA:42,0
DA:43,0
DA:44,0
DA:46,0
DA:51,0
DA:53,0
DA:68,0
DA:81,0
LF:31
LH:0
BRDA:17,0,0,0
BRDA:19,1,0,0
BRDA:19,1,1,0
BRDA:20,2,0,0
BRDA:20,2,1,0
BRDA:27,3,0,0
BRDA:27,4,0,0
BRDA:27,4,1,0
BRDA:40,5,0,0
BRDA:40,6,0,0
BRDA:40,6,1,0
BRDA:51,7,0,0
BRDA:88,8,0,0
BRDA:88,8,1,0
BRDA:90,9,0,0
BRDA:90,9,1,0
BRDA:104,10,0,0
BRDA:104,10,1,0
BRDA:104,10,2,0
BRDA:107,11,0,0
BRDA:107,11,1,0
BRDA:111,12,0,0
BRDA:111,12,1,0
BRF:23
BRH:0
end_of_record
TN:
SF:src/components/RateLimitMonitor.tsx
FN:36,(anonymous_9)
FN:51,(anonymous_10)
FN:91,(anonymous_11)
FN:104,(anonymous_12)
FN:117,(anonymous_13)
FN:130,(anonymous_14)
FN:137,(anonymous_15)
FN:141,(anonymous_16)
FN:145,(anonymous_17)
FN:161,(anonymous_18)
FN:187,(anonymous_19)
FN:244,(anonymous_20)
FN:255,(anonymous_21)
FN:341,(anonymous_22)
FNF:14
FNH:0
FNDA:0,(anonymous_9)
FNDA:0,(anonymous_10)
FNDA:0,(anonymous_11)
FNDA:0,(anonymous_12)
FNDA:0,(anonymous_13)
FNDA:0,(anonymous_14)
FNDA:0,(anonymous_15)
FNDA:0,(anonymous_16)
FNDA:0,(anonymous_17)
FNDA:0,(anonymous_18)
FNDA:0,(anonymous_19)
FNDA:0,(anonymous_20)
FNDA:0,(anonymous_21)
FNDA:0,(anonymous_22)
DA:6,0
DA:7,0
DA:8,0
DA:9,0
DA:10,0
DA:36,0
DA:41,0
DA:42,0
DA:44,0
DA:45,0
DA:46,0
DA:48,0
DA:51,0
DA:52,0
DA:53,0
DA:55,0
DA:56,0
DA:57,0
DA:59,0
DA:60,0
DA:61,0
DA:74,0
DA:77,0
DA:78,0
DA:80,0
DA:82,0
DA:83,0
DA:84,0
DA:86,0
DA:91,0
DA:92,0
DA:93,0
DA:94,0
DA:95,0
DA:97,0
DA:98,0
DA:99,0
DA:104,0
DA:105,0
DA:106,0
DA:107,0
DA:108,0
DA:110,0
DA:111,0
DA:112,0
DA:117,0
DA:118,0
DA:119,0
DA:120,0
DA:121,0
DA:123,0
DA:124,0
DA:125,0
DA:130,0
DA:131,0
DA:132,0
DA:137,0
DA:138,0
DA:140,0
DA:141,0
DA:145,0
DA:146,0
DA:147,0
DA:149,0
DA:151,0
DA:152,0
DA:153,0
DA:155,0
DA:156,0
DA:157,0
DA:161,0
DA:162,0
DA:164,0
DA:165,0
DA:166,0
DA:170,0
DA:172,0
DA:174,0
DA:187,0
DA:245,0
DA:255,0
DA:342,0
DA:390,0
LF:83
LH:0
BRDA:39,0,0,0
BRDA:60,1,0,0
BRDA:69,2,0,0
BRDA:69,2,1,0
BRDA:82,3,0,0
BRDA:82,3,1,0
BRDA:97,4,0,0
BRDA:97,4,1,0
BRDA:110,5,0,0
BRDA:110,5,1,0
BRDA:123,6,0,0
BRDA:123,6,1,0
BRDA:131,7,0,0
BRDA:138,8,0,0
BRDA:138,9,0,0
BRDA:138,9,1,0
BRDA:149,10,0,0
BRDA:155,11,0,0
BRDA:156,12,0,0
BRDA:164,13,0,0
BRDA:165,14,0,0
BRDA:170,15,0,0
BRDA:170,15,1,0
BRDA:172,16,0,0
BRDA:205,17,0,0
BRDA:205,17,1,0
BRDA:230,18,0,0
BRDA:230,18,1,0
BRDA:232,19,0,0
BRDA:232,19,1,0
BRDA:253,20,0,0
BRDA:253,20,1,0
BRDA:282,21,0,0
BRDA:282,21,1,0
BRDA:284,22,0,0
BRDA:284,22,1,0
BRDA:303,23,0,0
BRDA:303,23,1,0
BRDA:313,24,0,0
BRDA:313,24,1,0
BRDA:367,25,0,0
BRDA:367,25,1,0
BRDA:373,26,0,0
BRDA:373,26,1,0
BRF:44
BRH:0
end_of_record
TN:
SF:src/components/RateLimitWrapper.tsx
FN:20,RateLimitWrapper
FN:30,(anonymous_2)
FN:31,(anonymous_3)
FN:93,withRateLimit
FN:98,RateLimitedComponent
FNF:5
FNH:0
FNDA:0,RateLimitWrapper
FNDA:0,(anonymous_2)
FNDA:0,(anonymous_3)
FNDA:0,withRateLimit
FNDA:0,RateLimitedComponent
DA:6,0
DA:7,0
DA:8,0
DA:20,0
DA:26,0
DA:27,0
DA:28,0
DA:30,0
DA:31,0
DA:32,0
DA:33,0
DA:34,0
DA:35,0
DA:36,0
DA:37,0
DA:40,0
DA:44,0
DA:47,0
DA:48,0
DA:49,0
DA:52,0
DA:71,0
DA:72,0
DA:87,0
DA:93,0
DA:98,0
DA:99,0
LF:27
LH:0
BRDA:22,0,0,0
BRDA:33,1,0,0
BRDA:40,2,0,0
BRDA:40,2,1,0
BRDA:47,3,0,0
BRDA:48,4,0,0
BRDA:63,5,0,0
BRDA:63,5,1,0
BRDA:71,6,0,0
BRF:9
BRH:0
end_of_record
TN:
SF:src/components/RemoveStaffModal.tsx
FN:11,RemoveStaffModal
FN:17,(anonymous_1)
FN:31,(anonymous_2)
FN:56,(anonymous_3)
FNF:4
FNH:0
FNDA:0,RemoveStaffModal
FNDA:0,(anonymous_1)
FNDA:0,(anonymous_2)
FNDA:0,(anonymous_3)
DA:1,0
DA:3,0
DA:11,0
DA:12,0
DA:13,0
DA:15,0
DA:17,0
DA:18,0
DA:19,0
DA:20,0
DA:21,0
DA:23,0
DA:25,0
DA:27,0
DA:31,0
DA:32,0
DA:35,0
DA:56,0
LF:18
LH:0
BRDA:15,0,0,0
BRDA:95,1,0,0
BRDA:95,1,1,0
BRF:3
BRH:0
end_of_record
TN:
SF:src/components/RosterSetup.tsx
FN:20,RosterSetup
FN:29,(anonymous_2)
FN:39,(anonymous_3)
FN:41,(anonymous_4)
FN:53,(anonymous_5)
FN:71,(anonymous_6)
FN:93,(anonymous_7)
FN:94,(anonymous_8)
FN:95,(anonymous_9)
FN:119,(anonymous_10)
FN:124,(anonymous_11)
FN:131,(anonymous_12)
FN:145,(anonymous_13)
FN:146,(anonymous_14)
FN:149,(anonymous_15)
FN:169,(anonymous_16)
FN:173,(anonymous_17)
FN:195,(anonymous_18)
FNF:18
FNH:1
FNDA:9,RosterSetup
FNDA:0,(anonymous_2)
FNDA:0,(anonymous_3)
FNDA:0,(anonymous_4)
FNDA:0,(anonymous_5)
FNDA:0,(anonymous_6)
FNDA:0,(anonymous_7)
FNDA:0,(anonymous_8)
FNDA:0,(anonymous_9)
FNDA:0,(anonymous_10)
FNDA:0,(anonymous_11)
FNDA:0,(anonymous_12)
FNDA:0,(anonymous_13)
FNDA:0,(anonymous_14)
FNDA:0,(anonymous_15)
FNDA:0,(anonymous_16)
FNDA:0,(anonymous_17)
FNDA:0,(anonymous_18)
DA:1,1
DA:2,1
DA:3,1
DA:4,1
DA:5,1
DA:7,1
DA:14,1
DA:20,1
DA:21,9
DA:22,9
DA:23,9
DA:24,9
DA:25,9
DA:26,9
DA:29,9
DA:30,0
DA:31,0
DA:32,0
DA:34,0
DA:35,0
DA:39,9
DA:40,0
DA:41,0
DA:42,0
DA:43,0
DA:44,0
DA:47,0
DA:48,0
DA:53,9
DA:54,0
DA:55,0
DA:56,0
DA:59,0
DA:60,0
DA:61,0
DA:62,0
DA:64,0
DA:65,0
DA:67,0
DA:71,9
DA:72,0
DA:74,0
DA:78,0
DA:79,0
DA:80,0
DA:81,0
DA:82,0
DA:84,0
DA:85,0
DA:87,0
DA:93,9
DA:94,0
DA:95,0
DA:98,0
DA:99,0
DA:100,0
DA:103,0
DA:104,0
DA:106,0
DA:107,0
DA:109,0
DA:111,0
DA:112,0
DA:114,0
DA:119,9
DA:120,0
DA:124,9
DA:126,0
DA:127,0
DA:131,9
DA:132,0
DA:134,0
DA:135,0
DA:137,0
DA:139,0
DA:140,0
DA:145,9
DA:146,0
DA:149,0
DA:150,0
DA:152,0
DA:155,0
DA:156,0
DA:159,0
DA:161,0
DA:162,0
DA:166,0
DA:169,9
DA:170,0
DA:173,9
DA:174,0
DA:177,9
DA:195,0
LF:93
LH:26
BRDA:43,0,0,0
BRDA:54,1,0,0
BRDA:72,2,0,0
BRDA:78,3,0,0
BRDA:98,4,0,0
BRF:5
BRH:0
end_of_record
TN:
SF:src/components/SessionExpirationChecker.tsx
FN:4,SessionExpirationChecker
FN:8,(anonymous_1)
FN:9,(anonymous_2)
FN:13,(anonymous_3)
FNF:4
FNH:0
FNDA:0,SessionExpirationChecker
FNDA:0,(anonymous_1)
FNDA:0,(anonymous_2)
FNDA:0,(anonymous_3)
DA:1,0
DA:2,0
DA:4,0
DA:5,0
DA:8,0
DA:9,0
DA:10,0
DA:13,0
DA:16,0
LF:9
LH:0
BRF:0
BRH:0
end_of_record
TN:
SF:src/components/SessionModal.tsx
FN:23,SessionModal
FN:53,(anonymous_2)
FN:83,(anonymous_3)
FNF:3
FNH:0
FNDA:0,SessionModal
FNDA:0,(anonymous_2)
FNDA:0,(anonymous_3)
DA:1,0
DA:2,0
DA:4,0
DA:5,0
DA:6,0
DA:14,0
DA:24,0
DA:43,0
DA:47,0
DA:50,0
DA:51,0
DA:53,0
DA:55,0
DA:56,0
DA:58,0
DA:84,0
DA:85,0
DA:87,0
DA:198,0
LF:19
LH:0
BRDA:23,0,0,0
BRDA:47,1,0,0
BRDA:51,2,0,0
BRDA:51,2,1,0
BRDA:65,3,0,0
BRDA:65,3,1,0
BRDA:90,4,0,0
BRDA:90,4,1,0
BRDA:91,5,0,0
BRDA:91,5,1,0
BRDA:93,6,0,0
BRDA:93,6,1,0
BRDA:95,7,0,0
BRDA:95,7,1,0
BRDA:113,8,0,0
BRDA:113,8,1,0
BRDA:121,9,0,0
BRDA:121,9,1,0
BRDA:121,9,2,0
BRDA:131,10,0,0
BRDA:131,10,1,0
BRDA:131,10,2,0
BRDA:140,11,0,0
BRDA:140,11,1,0
BRDA:152,12,0,0
BRDA:152,12,1,0
BRDA:161,13,0,0
BRDA:161,13,1,0
BRDA:180,14,0,0
BRDA:180,14,1,0
BRDA:184,15,0,0
BRDA:184,15,1,0
BRDA:188,16,0,0
BRDA:188,16,1,0
BRF:34
BRH:0
end_of_record
TN:
SF:src/components/SidePanel.tsx
FN:10,SidePanel
FN:17,(anonymous_10)
FN:58,(anonymous_11)
FN:59,(anonymous_12)
FN:60,(anonymous_13)
FN:61,(anonymous_14)
FN:62,(anonymous_15)
FN:66,(anonymous_16)
FN:68,(anonymous_17)
FN:69,(anonymous_18)
FN:70,(anonymous_19)
FN:90,(anonymous_20)
FN:109,(anonymous_21)
FN:128,(anonymous_22)
FN:146,(anonymous_23)
FN:228,(anonymous_24)
FN:229,(anonymous_25)
FN:256,(anonymous_26)
FNF:18
FNH:0
FNDA:0,SidePanel
FNDA:0,(anonymous_10)
FNDA:0,(anonymous_11)
FNDA:0,(anonymous_12)
FNDA:0,(anonymous_13)
FNDA:0,(anonymous_14)
FNDA:0,(anonymous_15)
FNDA:0,(anonymous_16)
FNDA:0,(anonymous_17)
FNDA:0,(anonymous_18)
FNDA:0,(anonymous_19)
FNDA:0,(anonymous_20)
FNDA:0,(anonymous_21)
FNDA:0,(anonymous_22)
FNDA:0,(anonymous_23)
FNDA:0,(anonymous_24)
FNDA:0,(anonymous_25)
FNDA:0,(anonymous_26)
DA:1,0
DA:2,0
DA:3,0
DA:4,0
DA:6,0
DA:7,0
DA:8,0
DA:11,0
DA:12,0
DA:15,0
DA:17,0
DA:19,0
DA:21,0
DA:22,0
DA:25,0
DA:26,0
DA:27,0
DA:37,0
DA:39,0
DA:42,0
DA:43,0
DA:45,0
DA:47,0
DA:51,0
DA:52,0
DA:58,0
DA:59,0
DA:60,0
DA:61,0
DA:62,0
DA:66,0
DA:68,0
DA:69,0
DA:70,0
DA:73,0
DA:91,0
DA:110,0
DA:129,0
DA:147,0
DA:228,0
DA:229,0
DA:256,0
DA:276,0
LF:43
LH:0
BRDA:21,0,0,0
BRDA:26,1,0,0
BRDA:68,2,0,0
BRDA:68,2,1,0
BRDA:94,3,0,0
BRDA:94,3,1,0
BRDA:113,4,0,0
BRDA:113,4,1,0
BRDA:132,5,0,0
BRDA:132,5,1,0
BRDA:150,6,0,0
BRDA:150,6,1,0
BRDA:232,7,0,0
BRDA:232,7,1,0
BRDA:232,8,0,0
BRDA:232,8,1,0
BRDA:239,9,0,0
BRDA:239,9,1,0
BRDA:247,10,0,0
BRDA:247,10,1,0
BRDA:247,10,2,0
BRF:21
BRH:0
end_of_record
TN:
SF:src/components/TherapistCard.tsx
FN:25,TherapistCardComponent
FN:50,(anonymous_2)
FN:61,(anonymous_3)
FN:103,(anonymous_4)
FN:110,(anonymous_5)
FN:118,(anonymous_6)
FN:125,(anonymous_7)
FN:132,(anonymous_8)
FN:146,(anonymous_9)
FNF:9
FNH:3
FNDA:39,TherapistCardComponent
FNDA:39,(anonymous_2)
FNDA:2,(anonymous_3)
FNDA:0,(anonymous_4)
FNDA:0,(anonymous_5)
FNDA:0,(anonymous_6)
FNDA:0,(anonymous_7)
FNDA:0,(anonymous_8)
FNDA:0,(anonymous_9)
DA:1,1
DA:3,1
DA:4,1
DA:5,1
DA:6,1
DA:7,1
DA:8,1
DA:9,1
DA:10,1
DA:11,1
DA:27,39
DA:48,39
DA:50,39
DA:51,39
DA:52,39
DA:58,39
DA:61,39
DA:63,39
DA:103,0
DA:110,0
DA:118,0
DA:125,0
DA:132,0
DA:142,1
DA:146,0
DA:153,1
DA:159,1
LF:27
LH:21
BRDA:25,0,0,39
BRDA:58,1,0,39
BRDA:58,1,1,0
BRDA:61,2,0,39
BRDA:61,2,1,38
BRDA:68,3,0,39
BRDA:68,3,1,39
BRDA:79,4,0,39
BRDA:79,4,1,9
BRDA:146,5,0,0
BRDA:146,5,1,0
BRDA:146,5,2,0
BRDA:146,5,3,0
BRDA:146,5,4,0
BRDA:146,5,5,0
BRF:15
BRH:8
end_of_record
TN:
SF:src/components/TodosPage.tsx
FN:9,TodosPage
FN:14,(anonymous_2)
FN:15,getTodos
FN:60,(anonymous_4)
FNF:4
FNH:0
FNDA:0,TodosPage
FNDA:0,(anonymous_2)
FNDA:0,getTodos
FNDA:0,(anonymous_4)
DA:1,0
DA:2,0
DA:10,0
DA:11,0
DA:12,0
DA:14,0
DA:16,0
DA:17,0
DA:18,0
DA:20,0
DA:21,0
DA:22,0
DA:23,0
DA:24,0
DA:27,0
DA:28,0
DA:30,0
DA:34,0
DA:37,0
DA:38,0
DA:45,0
DA:46,0
DA:53,0
DA:61,0
DA:71,0
LF:25
LH:0
BRDA:20,0,0,0
BRDA:20,0,1,0
BRDA:23,1,0,0
BRDA:23,2,0,0
BRDA:23,2,1,0
BRDA:27,3,0,0
BRDA:27,3,1,0
BRDA:37,4,0,0
BRDA:45,5,0,0
BRDA:56,6,0,0
BRDA:56,6,1,0
BRDA:62,7,0,0
BRDA:62,7,1,0
BRDA:61,8,0,0
BRDA:61,8,1,0
BRF:15
BRH:0
end_of_record
TN:
SF:src/components/UndoWarningModal.tsx
FN:10,UndoWarningModal
FN:20,(anonymous_1)
FN:27,(anonymous_2)
FN:69,(anonymous_3)
FNF:4
FNH:1
FNDA:5,UndoWarningModal
FNDA:0,(anonymous_1)
FNDA:0,(anonymous_2)
FNDA:0,(anonymous_3)
DA:1,1
DA:10,1
DA:16,5
DA:18,5
DA:20,0
DA:21,0
DA:22,0
DA:23,0
DA:27,0
DA:28,0
DA:29,0
DA:32,0
DA:69,0
LF:13
LH:4
BRDA:18,0,0,5
BRDA:21,1,0,0
BRF:2
BRH:1
end_of_record
TN:
SF:src/components/WalkOutTable.tsx
FN:5,(anonymous_0)
FN:23,(anonymous_1)
FN:40,WalkOutTable
FN:76,(anonymous_3)
FN:119,(anonymous_4)
FNF:5
FNH:1
FNDA:0,(anonymous_0)
FNDA:0,(anonymous_1)
FNDA:4,WalkOutTable
FNDA:0,(anonymous_3)
FNDA:0,(anonymous_4)
DA:1,1
DA:5,1
DA:6,0
DA:8,0
DA:10,0
DA:12,0
DA:14,0
DA:16,0
DA:18,0
DA:23,1
DA:24,0
DA:26,0
DA:28,0
DA:30,0
DA:32,0
DA:34,0
DA:36,0
DA:40,1
DA:41,4
DA:43,4
DA:44,4
DA:51,0
DA:77,0
DA:119,0
LF:24
LH:7
BRDA:6,0,0,0
BRDA:6,0,1,0
BRDA:6,0,2,0
BRDA:6,0,3,0
BRDA:6,0,4,0
BRDA:6,0,5,0
BRDA:24,1,0,0
BRDA:24,1,1,0
BRDA:24,1,2,0
BRDA:24,1,3,0
BRDA:24,1,4,0
BRDA:24,1,5,0
BRDA:43,2,0,4
BRDA:82,3,0,0
BRDA:82,3,1,0
BRDA:119,4,0,0
BRDA:119,4,1,0
BRF:17
BRH:1
end_of_record
TN:
SF:src/components/withRateLimit.tsx
FN:8,withRateLimit
FN:12,RateLimitedComponent
FNF:2
FNH:0
FNDA:0,withRateLimit
FNDA:0,RateLimitedComponent
DA:5,0
DA:6,0
DA:8,0
DA:12,0
DA:13,0
LF:5
LH:0
BRDA:10,0,0,0
BRF:1
BRH:0
end_of_record
TN:
SF:src/components/accessibility/AccessibilityChecker.tsx
FN:28,(anonymous_10)
FN:35,(anonymous_11)
FN:40,(anonymous_12)
FN:47,(anonymous_13)
FN:126,(anonymous_14)
FN:144,(anonymous_15)
FN:145,(anonymous_16)
FN:167,(anonymous_17)
FN:173,(anonymous_18)
FN:187,(anonymous_19)
FN:230,(anonymous_20)
FN:261,(anonymous_21)
FN:305,(anonymous_22)
FNF:13
FNH:0
FNDA:0,(anonymous_10)
FNDA:0,(anonymous_11)
FNDA:0,(anonymous_12)
FNDA:0,(anonymous_13)
FNDA:0,(anonymous_14)
FNDA:0,(anonymous_15)
FNDA:0,(anonymous_16)
FNDA:0,(anonymous_17)
FNDA:0,(anonymous_18)
FNDA:0,(anonymous_19)
FNDA:0,(anonymous_20)
FNDA:0,(anonymous_21)
FNDA:0,(anonymous_22)
DA:6,0
DA:7,0
DA:8,0
DA:9,0
DA:28,0
DA:29,0
DA:30,0
DA:31,0
DA:32,0
DA:35,0
DA:36,0
DA:38,0
DA:40,0
DA:42,0
DA:45,0
DA:47,0
DA:48,0
DA:51,0
DA:52,0
DA:56,0
DA:57,0
DA:67,0
DA:68,0
DA:69,0
DA:80,0
DA:81,0
DA:82,0
DA:83,0
DA:94,0
DA:95,0
DA:96,0
DA:97,0
DA:108,0
DA:109,0
DA:110,0
DA:121,0
DA:122,0
DA:123,0
DA:126,0
DA:128,0
DA:129,0
DA:130,0
DA:131,0
DA:144,0
DA:145,0
DA:146,0
DA:147,0
DA:149,0
DA:158,0
DA:160,0
DA:162,0
DA:167,0
DA:168,0
DA:169,0
DA:173,0
DA:174,0
DA:176,0
DA:178,0
DA:180,0
DA:182,0
DA:187,0
DA:188,0
DA:190,0
DA:192,0
DA:194,0
DA:196,0
DA:200,0
DA:230,0
DA:261,0
DA:306,0
DA:353,0
LF:71
LH:0
BRDA:51,0,0,0
BRDA:56,1,0,0
BRDA:56,2,0,0
BRDA:56,2,1,0
BRDA:58,3,0,0
BRDA:58,3,1,0
BRDA:67,4,0,0
BRDA:68,5,0,0
BRDA:70,6,0,0
BRDA:70,6,1,0
BRDA:80,7,0,0
BRDA:82,8,0,0
BRDA:82,9,0,0
BRDA:82,9,1,0
BRDA:84,10,0,0
BRDA:84,10,1,0
BRDA:94,11,0,0
BRDA:96,12,0,0
BRDA:96,13,0,0
BRDA:96,13,1,0
BRDA:96,13,2,0
BRDA:98,14,0,0
BRDA:98,14,1,0
BRDA:108,15,0,0
BRDA:109,16,0,0
BRDA:109,17,0,0
BRDA:109,17,1,0
BRDA:111,18,0,0
BRDA:111,18,1,0
BRDA:121,19,0,0
BRDA:128,20,0,0
BRDA:130,21,0,0
BRDA:132,22,0,0
BRDA:132,22,1,0
BRDA:174,23,0,0
BRDA:174,23,1,0
BRDA:174,23,2,0
BRDA:174,23,3,0
BRDA:188,24,0,0
BRDA:188,24,1,0
BRDA:188,24,2,0
BRDA:188,24,3,0
BRDA:255,25,0,0
BRDA:255,25,1,0
BRDA:263,26,0,0
BRDA:263,26,1,0
BRDA:269,27,0,0
BRDA:269,27,1,0
BRDA:294,28,0,0
BRDA:294,28,1,0
BRDA:294,28,2,0
BRDA:298,29,0,0
BRDA:298,29,1,0
BRF:53
BRH:0
end_of_record
TN:
SF:src/components/accessibility/AccessibleButton.tsx
FN:23,(anonymous_9)
FN:48,(anonymous_10)
FN:51,(anonymous_11)
FN:55,(anonymous_12)
FN:65,(anonymous_13)
FN:74,(anonymous_14)
FN:90,(anonymous_15)
FN:171,(anonymous_16)
FNF:8
FNH:0
FNDA:0,(anonymous_9)
FNDA:0,(anonymous_10)
FNDA:0,(anonymous_11)
FNDA:0,(anonymous_12)
FNDA:0,(anonymous_13)
FNDA:0,(anonymous_14)
FNDA:0,(anonymous_15)
FNDA:0,(anonymous_16)
DA:6,0
DA:7,0
DA:22,0
DA:44,0
DA:45,0
DA:48,0
DA:51,0
DA:54,0
DA:56,0
DA:59,0
DA:60,0
DA:64,0
DA:65,0
DA:67,0
DA:73,0
DA:76,0
DA:77,0
DA:78,0
DA:80,0
DA:84,0
DA:90,0
DA:91,0
DA:92,0
DA:97,0
DA:106,0
DA:133,0
DA:139,0
DA:141,0
DA:143,0
DA:153,0
DA:157,0
DA:158,0
DA:161,0
DA:162,0
DA:165,0
DA:166,0
DA:167,0
DA:171,0
DA:172,0
DA:195,0
DA:234,0
DA:236,0
LF:42
LH:0
BRDA:26,0,0,0
BRDA:27,1,0,0
BRDA:28,2,0,0
BRDA:30,3,0,0
BRDA:31,4,0,0
BRDA:34,5,0,0
BRDA:36,6,0,0
BRDA:56,7,0,0
BRDA:56,8,0,0
BRDA:56,8,1,0
BRDA:59,9,0,0
BRDA:59,10,0,0
BRDA:59,10,1,0
BRDA:76,11,0,0
BRDA:76,12,0,0
BRDA:76,12,1,0
BRDA:78,13,0,0
BRDA:78,14,0,0
BRDA:78,14,1,0
BRDA:91,15,0,0
BRDA:139,16,0,0
BRDA:139,16,1,0
BRDA:141,17,0,0
BRDA:141,17,1,0
BRDA:157,18,0,0
BRDA:161,19,0,0
BRDA:165,20,0,0
BRDA:200,21,0,0
BRDA:200,21,1,0
BRDA:206,22,0,0
BRDA:206,22,1,0
BRDA:208,23,0,0
BRDA:208,23,1,0
BRDA:208,23,2,0
BRDA:208,23,3,0
BRDA:214,24,0,0
BRDA:214,24,1,0
BRDA:215,25,0,0
BRDA:215,25,1,0
BRDA:220,26,0,0
BRDA:220,26,1,0
BRDA:220,26,2,0
BRDA:220,26,3,0
BRDA:226,27,0,0
BRDA:226,27,1,0
BRF:45
BRH:0
end_of_record
TN:
SF:src/components/accessibility/AccessibleFormField.tsx
FN:22,(anonymous_9)
FN:47,(anonymous_10)
FN:58,(anonymous_11)
FN:72,(anonymous_12)
FN:78,(anonymous_13)
FNF:5
FNH:0
FNDA:0,(anonymous_9)
FNDA:0,(anonymous_10)
FNDA:0,(anonymous_11)
FNDA:0,(anonymous_12)
FNDA:0,(anonymous_13)
DA:6,0
DA:21,0
DA:42,0
DA:43,0
DA:44,0
DA:47,0
DA:50,0
DA:51,0
DA:52,0
DA:53,0
DA:54,0
DA:57,0
DA:59,0
DA:60,0
DA:63,0
DA:64,0
DA:66,0
DA:72,0
DA:73,0
DA:77,0
DA:79,0
DA:80,0
DA:86,0
DA:94,0
DA:112,0
DA:118,0
DA:122,0
DA:124,0
DA:134,0
DA:139,0
DA:140,0
DA:143,0
DA:144,0
DA:145,0
DA:148,0
DA:149,0
DA:152,0
DA:224,0
DA:226,0
LF:39
LH:0
BRDA:27,0,0,0
BRDA:28,1,0,0
BRDA:29,2,0,0
BRDA:30,3,0,0
BRDA:33,4,0,0
BRDA:51,5,0,0
BRDA:51,5,1,0
BRDA:63,6,0,0
BRDA:63,6,1,0
BRDA:63,7,0,0
BRDA:63,7,1,0
BRDA:118,8,0,0
BRDA:118,8,1,0
BRDA:122,9,0,0
BRDA:122,9,1,0
BRDA:139,10,0,0
BRDA:143,11,0,0
BRDA:148,12,0,0
BRDA:153,13,0,0
BRDA:153,13,1,0
BRDA:161,14,0,0
BRDA:161,14,1,0
BRDA:171,15,0,0
BRDA:171,15,1,0
BRDA:183,16,0,0
BRDA:183,16,1,0
BRDA:183,17,0,0
BRDA:183,17,1,0
BRDA:192,18,0,0
BRDA:192,18,1,0
BRDA:202,19,0,0
BRDA:202,19,1,0
BRDA:202,19,2,0
BRDA:209,20,0,0
BRDA:209,20,1,0
BRF:35
BRH:0
end_of_record
TN:
SF:src/components/accessibility/AccessibleModal.tsx
FN:24,(anonymous_10)
FN:42,(anonymous_11)
FN:43,(anonymous_12)
FN:44,(anonymous_13)
FN:48,(anonymous_14)
FN:58,(anonymous_15)
FN:67,(anonymous_16)
FN:79,(anonymous_17)
FN:85,(anonymous_18)
FN:108,(anonymous_19)
FN:111,(anonymous_20)
FNF:11
FNH:0
FNDA:0,(anonymous_10)
FNDA:0,(anonymous_11)
FNDA:0,(anonymous_12)
FNDA:0,(anonymous_13)
FNDA:0,(anonymous_14)
FNDA:0,(anonymous_15)
FNDA:0,(anonymous_16)
FNDA:0,(anonymous_17)
FNDA:0,(anonymous_18)
FNDA:0,(anonymous_19)
FNDA:0,(anonymous_20)
DA:6,0
DA:7,0
DA:8,0
DA:24,0
DA:37,0
DA:38,0
DA:39,0
DA:42,0
DA:43,0
DA:44,0
DA:47,0
DA:49,0
DA:50,0
DA:57,0
DA:59,0
DA:60,0
DA:67,0
DA:68,0
DA:70,0
DA:73,0
DA:76,0
DA:79,0
DA:80,0
DA:81,0
DA:85,0
DA:86,0
DA:87,0
DA:91,0
DA:92,0
DA:93,0
DA:97,0
DA:98,0
DA:99,0
DA:103,0
DA:108,0
DA:109,0
DA:110,0
DA:111,0
DA:112,0
DA:117,0
DA:120,0
DA:128,0
DA:134,0
DA:135,0
DA:138,0
DA:139,0
DA:142,0
DA:216,0
LF:48
LH:0
BRDA:29,0,0,0
BRDA:30,1,0,0
BRDA:31,2,0,0
BRDA:32,3,0,0
BRDA:35,4,0,0
BRDA:49,5,0,0
BRDA:49,6,0,0
BRDA:49,6,1,0
BRDA:59,7,0,0
BRDA:59,8,0,0
BRDA:59,8,1,0
BRDA:68,9,0,0
BRDA:68,9,1,0
BRDA:80,10,0,0
BRDA:91,11,0,0
BRDA:97,12,0,0
BRDA:109,13,0,0
BRDA:117,14,0,0
BRDA:134,15,0,0
BRDA:138,16,0,0
BRDA:176,17,0,0
BRDA:176,17,1,0
BRF:22
BRH:0
end_of_record
TN:
SF:src/components/accessibility/index.ts
FN:6,(anonymous_5)
FN:7,(anonymous_6)
FN:8,(anonymous_7)
FN:9,(anonymous_8)
FNF:4
FNH:0
FNDA:0,(anonymous_5)
FNDA:0,(anonymous_6)
FNDA:0,(anonymous_7)
FNDA:0,(anonymous_8)
DA:6,0
DA:7,0
DA:8,0
DA:9,0
DA:12,0
LF:5
LH:0
BRF:0
BRH:0
end_of_record
TN:
SF:src/components/admin/AdminDashboard.tsx
FN:33,(anonymous_10)
FN:48,(anonymous_11)
FN:49,(anonymous_12)
FN:74,(anonymous_13)
FN:75,(anonymous_14)
FN:117,(anonymous_15)
FN:125,(anonymous_16)
FN:145,(anonymous_17)
FN:150,(anonymous_18)
FN:164,(anonymous_19)
FN:251,(anonymous_20)
FN:259,(anonymous_21)
FN:267,(anonymous_22)
FN:278,(anonymous_23)
FN:284,(anonymous_24)
FN:313,(anonymous_25)
FN:336,(anonymous_26)
FN:344,(anonymous_27)
FN:360,(anonymous_28)
FN:387,(anonymous_29)
FN:420,(anonymous_30)
FN:433,(anonymous_31)
FN:447,(anonymous_32)
FN:483,(anonymous_33)
FN:486,(anonymous_34)
FN:509,(anonymous_35)
FN:521,(anonymous_36)
FN:527,(anonymous_37)
FN:540,(anonymous_38)
FNF:29
FNH:0
FNDA:0,(anonymous_10)
FNDA:0,(anonymous_11)
FNDA:0,(anonymous_12)
FNDA:0,(anonymous_13)
FNDA:0,(anonymous_14)
FNDA:0,(anonymous_15)
FNDA:0,(anonymous_16)
FNDA:0,(anonymous_17)
FNDA:0,(anonymous_18)
FNDA:0,(anonymous_19)
FNDA:0,(anonymous_20)
FNDA:0,(anonymous_21)
FNDA:0,(anonymous_22)
FNDA:0,(anonymous_23)
FNDA:0,(anonymous_24)
FNDA:0,(anonymous_25)
FNDA:0,(anonymous_26)
FNDA:0,(anonymous_27)
FNDA:0,(anonymous_28)
FNDA:0,(anonymous_29)
FNDA:0,(anonymous_30)
FNDA:0,(anonymous_31)
FNDA:0,(anonymous_32)
FNDA:0,(anonymous_33)
FNDA:0,(anonymous_34)
FNDA:0,(anonymous_35)
FNDA:0,(anonymous_36)
FNDA:0,(anonymous_37)
FNDA:0,(anonymous_38)
DA:6,0
DA:7,0
DA:8,0
DA:9,0
DA:10,0
DA:11,0
DA:13,0
DA:33,0
DA:34,0
DA:35,0
DA:36,0
DA:37,0
DA:38,0
DA:43,0
DA:44,0
DA:45,0
DA:48,0
DA:49,0
DA:50,0
DA:51,0
DA:54,0
DA:64,0
DA:66,0
DA:70,0
DA:74,0
DA:75,0
DA:77,0
DA:78,0
DA:81,0
DA:111,0
DA:117,0
DA:125,0
DA:126,0
DA:127,0
DA:132,0
DA:133,0
DA:145,0
DA:146,0
DA:147,0
DA:150,0
DA:151,0
DA:153,0
DA:154,0
DA:156,0
DA:157,0
DA:159,0
DA:164,0
DA:165,0
DA:251,0
DA:259,0
DA:267,0
DA:278,0
DA:279,0
DA:285,0
DA:286,0
DA:314,0
DA:336,0
DA:344,0
DA:360,0
DA:361,0
DA:363,0
DA:389,0
DA:420,0
DA:421,0
DA:433,0
DA:447,0
DA:465,0
DA:484,0
DA:486,0
DA:509,0
DA:521,0
DA:529,0
DA:540,0
DA:546,0
LF:74
LH:0
BRDA:126,0,0,0
BRDA:132,1,0,0
BRDA:151,2,0,0
BRDA:176,3,0,0
BRDA:176,3,1,0
BRDA:190,4,0,0
BRDA:190,4,1,0
BRDA:204,5,0,0
BRDA:204,5,1,0
BRDA:218,6,0,0
BRDA:218,6,1,0
BRDA:229,7,0,0
BRDA:229,7,1,0
BRDA:230,8,0,0
BRDA:230,8,1,0
BRDA:233,9,0,0
BRDA:233,9,1,0
BRDA:237,10,0,0
BRDA:237,10,1,0
BRDA:239,11,0,0
BRDA:239,11,1,0
BRDA:293,12,0,0
BRDA:293,12,1,0
BRDA:298,13,0,0
BRDA:298,13,1,0
BRDA:320,14,0,0
BRDA:320,14,1,0
BRDA:325,15,0,0
BRDA:325,15,1,0
BRDA:328,16,0,0
BRDA:328,16,1,0
BRDA:340,17,0,0
BRDA:340,17,1,0
BRDA:457,18,0,0
BRDA:457,18,1,0
BRDA:471,19,0,0
BRDA:471,19,1,0
BRDA:488,20,0,0
BRDA:488,20,1,0
BRDA:500,21,0,0
BRDA:500,21,1,0
BRDA:501,22,0,0
BRDA:501,22,1,0
BRDA:502,23,0,0
BRDA:502,23,1,0
BRDA:503,24,0,0
BRDA:503,24,1,0
BRDA:510,25,0,0
BRDA:510,25,1,0
BRDA:515,26,0,0
BRDA:515,26,1,0
BRDA:532,27,0,0
BRDA:532,27,1,0
BRDA:539,28,0,0
BRDA:539,28,1,0
BRF:55
BRH:0
end_of_record
TN:
SF:src/components/admin/BackupRestoreManager.tsx
FN:15,(anonymous_9)
FN:44,(anonymous_10)
FN:50,(anonymous_11)
FN:75,(anonymous_12)
FN:101,(anonymous_13)
FN:139,(anonymous_14)
FN:141,(anonymous_15)
FN:142,(anonymous_16)
FN:147,(anonymous_17)
FN:152,(anonymous_18)
FN:172,(anonymous_19)
FN:177,(anonymous_20)
FN:177,(anonymous_21)
FN:193,(anonymous_22)
FN:193,(anonymous_23)
FN:217,(anonymous_24)
FN:297,(anonymous_25)
FN:297,(anonymous_26)
FN:310,(anonymous_27)
FN:310,(anonymous_28)
FN:323,(anonymous_29)
FN:323,(anonymous_30)
FN:347,(anonymous_31)
FN:354,(anonymous_32)
FN:372,(anonymous_33)
FN:394,(anonymous_34)
FN:443,(anonymous_35)
FN:446,(anonymous_36)
FNF:28
FNH:0
FNDA:0,(anonymous_9)
FNDA:0,(anonymous_10)
FNDA:0,(anonymous_11)
FNDA:0,(anonymous_12)
FNDA:0,(anonymous_13)
FNDA:0,(anonymous_14)
FNDA:0,(anonymous_15)
FNDA:0,(anonymous_16)
FNDA:0,(anonymous_17)
FNDA:0,(anonymous_18)
FNDA:0,(anonymous_19)
FNDA:0,(anonymous_20)
FNDA:0,(anonymous_21)
FNDA:0,(anonymous_22)
FNDA:0,(anonymous_23)
FNDA:0,(anonymous_24)
FNDA:0,(anonymous_25)
FNDA:0,(anonymous_26)
FNDA:0,(anonymous_27)
FNDA:0,(anonymous_28)
FNDA:0,(anonymous_29)
FNDA:0,(anonymous_30)
FNDA:0,(anonymous_31)
FNDA:0,(anonymous_32)
FNDA:0,(anonymous_33)
FNDA:0,(anonymous_34)
FNDA:0,(anonymous_35)
FNDA:0,(anonymous_36)
DA:6,0
DA:7,0
DA:8,0
DA:9,0
DA:15,0
DA:16,0
DA:17,0
DA:18,0
DA:19,0
DA:20,0
DA:21,0
DA:23,0
DA:26,0
DA:37,0
DA:44,0
DA:45,0
DA:46,0
DA:50,0
DA:51,0
DA:52,0
DA:54,0
DA:55,0
DA:56,0
DA:58,0
DA:59,0
DA:60,0
DA:62,0
DA:63,0
DA:65,0
DA:68,0
DA:70,0
DA:75,0
DA:76,0
DA:77,0
DA:79,0
DA:80,0
DA:82,0
DA:83,0
DA:84,0
DA:86,0
DA:91,0
DA:96,0
DA:101,0
DA:102,0
DA:104,0
DA:105,0
DA:107,0
DA:108,0
DA:110,0
DA:112,0
DA:113,0
DA:117,0
DA:118,0
DA:119,0
DA:120,0
DA:123,0
DA:129,0
DA:134,0
DA:139,0
DA:140,0
DA:141,0
DA:142,0
DA:147,0
DA:148,0
DA:152,0
DA:153,0
DA:173,0
DA:177,0
DA:193,0
DA:217,0
DA:218,0
DA:297,0
DA:310,0
DA:323,0
DA:347,0
DA:348,0
DA:355,0
DA:356,0
DA:373,0
DA:396,0
DA:410,0
DA:444,0
DA:446,0
DA:468,0
LF:84
LH:0
BRDA:52,0,0,0
BRDA:62,1,0,0
BRDA:62,1,1,0
BRDA:93,2,0,0
BRDA:93,2,1,0
BRDA:102,3,0,0
BRDA:102,4,0,0
BRDA:102,4,1,0
BRDA:112,5,0,0
BRDA:112,5,1,0
BRDA:119,6,0,0
BRDA:131,7,0,0
BRDA:131,7,1,0
BRDA:140,8,0,0
BRDA:211,9,0,0
BRDA:211,9,1,0
BRDA:235,10,0,0
BRDA:235,10,1,0
BRDA:254,11,0,0
BRDA:254,11,1,0
BRDA:256,12,0,0
BRDA:256,12,1,0
BRDA:260,13,0,0
BRDA:260,13,1,0
BRDA:272,14,0,0
BRDA:272,14,1,0
BRDA:276,15,0,0
BRDA:276,15,1,0
BRDA:280,16,0,0
BRDA:280,16,1,0
BRDA:338,17,0,0
BRDA:338,17,1,0
BRDA:338,17,2,0
BRDA:341,18,0,0
BRDA:341,18,1,0
BRDA:363,19,0,0
BRDA:363,19,1,0
BRDA:420,20,0,0
BRDA:420,20,1,0
BRDA:422,21,0,0
BRDA:422,21,1,0
BRDA:423,22,0,0
BRDA:423,22,1,0
BRDA:427,23,0,0
BRDA:427,23,1,0
BRDA:428,24,0,0
BRDA:428,24,1,0
BRDA:448,25,0,0
BRDA:448,25,1,0
BRDA:460,26,0,0
BRDA:460,26,1,0
BRDA:461,27,0,0
BRDA:461,27,1,0
BRDA:462,28,0,0
BRDA:462,28,1,0
BRF:55
BRH:0
end_of_record
TN:
SF:src/components/auth/AuthDebug.tsx
FN:8,AuthDebug
FNF:1
FNH:0
FNDA:0,AuthDebug
DA:6,0
DA:8,0
DA:9,0
DA:12,0
DA:13,0
DA:16,0
LF:6
LH:0
BRDA:12,0,0,0
BRDA:20,1,0,0
BRDA:20,1,1,0
BRDA:21,2,0,0
BRDA:21,2,1,0
BRDA:22,3,0,0
BRDA:22,3,1,0
BRDA:23,4,0,0
BRDA:23,4,1,0
BRDA:24,5,0,0
BRDA:24,5,1,0
BRDA:25,6,0,0
BRDA:25,6,1,0
BRF:13
BRH:0
end_of_record
TN:
SF:src/components/auth/AuthDebugger.tsx
FN:15,AuthDebugger
FN:21,(anonymous_1)
FN:27,(anonymous_2)
FN:68,(anonymous_3)
FN:93,(anonymous_4)
FNF:5
FNH:0
FNDA:0,AuthDebugger
FNDA:0,(anonymous_1)
FNDA:0,(anonymous_2)
FNDA:0,(anonymous_3)
FNDA:0,(anonymous_4)
DA:6,0
DA:7,0
DA:8,0
DA:15,0
DA:16,0
DA:17,0
DA:18,0
DA:19,0
DA:21,0
DA:22,0
DA:23,0
DA:27,0
DA:28,0
DA:29,0
DA:31,0
DA:34,0
DA:35,0
DA:36,0
DA:42,0
DA:46,0
DA:51,0
DA:59,0
DA:64,0
DA:68,0
DA:69,0
DA:70,0
DA:71,0
DA:76,0
DA:83,0
DA:89,0
DA:93,0
DA:94,0
DA:95,0
DA:97,0
DA:102,0
DA:109,0
DA:115,0
DA:119,0
DA:121,0
LF:39
LH:0
BRDA:22,0,0,0
BRDA:35,1,0,0
BRDA:60,2,0,0
BRDA:60,2,1,0
BRDA:85,3,0,0
BRDA:85,3,1,0
BRDA:111,4,0,0
BRDA:111,4,1,0
BRDA:119,5,0,0
BRDA:155,6,0,0
BRDA:155,6,1,0
BRDA:156,7,0,0
BRDA:156,7,1,0
BRDA:161,8,0,0
BRDA:161,8,1,0
BRDA:162,9,0,0
BRDA:162,9,1,0
BRDA:167,10,0,0
BRDA:167,10,1,0
BRDA:171,11,0,0
BRDA:171,11,1,0
BRDA:175,12,0,0
BRDA:175,12,1,0
BRDA:179,13,0,0
BRDA:179,13,1,0
BRDA:182,14,0,0
BRDA:182,14,1,0
BRDA:219,15,0,0
BRDA:219,15,1,0
BRDA:222,16,0,0
BRDA:222,16,1,0
BRDA:231,17,0,0
BRDA:231,17,1,0
BRDA:243,18,0,0
BRDA:243,18,1,0
BRF:35
BRH:0
end_of_record
TN:
SF:src/components/auth/AuthModal.tsx
FN:31,(anonymous_9)
FN:42,(anonymous_10)
FN:50,(anonymous_11)
FN:77,(anonymous_12)
FN:91,(anonymous_13)
FN:103,(anonymous_14)
FN:132,(anonymous_15)
FN:174,(anonymous_16)
FN:185,(anonymous_17)
FN:194,(anonymous_18)
FN:224,(anonymous_19)
FN:280,(anonymous_20)
FN:281,(anonymous_21)
FN:293,(anonymous_22)
FN:294,(anonymous_23)
FN:298,(anonymous_24)
FN:335,AuthModal
FN:339,(anonymous_26)
FN:347,(anonymous_27)
FNF:19
FNH:0
FNDA:0,(anonymous_9)
FNDA:0,(anonymous_10)
FNDA:0,(anonymous_11)
FNDA:0,(anonymous_12)
FNDA:0,(anonymous_13)
FNDA:0,(anonymous_14)
FNDA:0,(anonymous_15)
FNDA:0,(anonymous_16)
FNDA:0,(anonymous_17)
FNDA:0,(anonymous_18)
FNDA:0,(anonymous_19)
FNDA:0,(anonymous_20)
FNDA:0,(anonymous_21)
FNDA:0,(anonymous_22)
FNDA:0,(anonymous_23)
FNDA:0,(anonymous_24)
FNDA:0,AuthModal
FNDA:0,(anonymous_26)
FNDA:0,(anonymous_27)
DA:7,0
DA:8,0
DA:9,0
DA:10,0
DA:19,0
DA:20,0
DA:25,0
DA:31,0
DA:32,0
DA:42,0
DA:43,0
DA:50,0
DA:51,0
DA:77,0
DA:91,0
DA:92,0
DA:94,0
DA:95,0
DA:97,0
DA:98,0
DA:100,0
DA:103,0
DA:104,0
DA:105,0
DA:111,0
DA:119,0
DA:132,0
DA:174,0
DA:175,0
DA:176,0
DA:177,0
DA:178,0
DA:181,0
DA:182,0
DA:186,0
DA:187,0
DA:188,0
DA:190,0
DA:194,0
DA:195,0
DA:196,0
DA:198,0
DA:199,0
DA:201,0
DA:202,0
DA:205,0
DA:207,0
DA:208,0
DA:210,0
DA:211,0
DA:212,0
DA:213,0
DA:217,0
DA:219,0
DA:224,0
DA:225,0
DA:226,0
DA:227,0
DA:228,0
DA:229,0
DA:230,0
DA:231,0
DA:232,0
DA:235,0
DA:238,0
DA:240,0
DA:245,0
DA:248,0
DA:250,0
DA:251,0
DA:253,0
DA:256,0
DA:280,0
DA:281,0
DA:293,0
DA:294,0
DA:298,0
DA:335,0
DA:336,0
DA:339,0
DA:340,0
DA:341,0
DA:345,0
DA:347,0
DA:348,0
DA:351,0
LF:86
LH:0
BRDA:87,0,0,0
BRDA:88,1,0,0
BRDA:94,2,0,0
BRDA:94,3,0,0
BRDA:94,3,1,0
BRDA:97,4,0,0
BRDA:97,5,0,0
BRDA:97,5,1,0
BRDA:104,6,0,0
BRDA:129,7,0,0
BRDA:129,7,1,0
BRDA:137,8,0,0
BRDA:137,8,1,0
BRDA:140,9,0,0
BRDA:140,9,1,0
BRDA:140,9,2,0
BRDA:150,10,0,0
BRDA:150,10,1,0
BRDA:150,10,2,0
BRDA:151,11,0,0
BRDA:151,11,1,0
BRDA:159,12,0,0
BRDA:159,12,1,0
BRDA:159,12,2,0
BRDA:187,13,0,0
BRDA:187,14,0,0
BRDA:187,14,1,0
BRDA:201,15,0,0
BRDA:201,16,0,0
BRDA:201,16,1,0
BRDA:210,17,0,0
BRDA:212,18,0,0
BRDA:229,19,0,0
BRDA:229,19,1,0
BRDA:231,20,0,0
BRDA:245,21,0,0
BRDA:245,21,1,0
BRDA:245,21,2,0
BRDA:245,21,3,0
BRDA:248,22,0,0
BRDA:250,23,0,0
BRDA:289,24,0,0
BRDA:289,24,1,0
BRDA:302,25,0,0
BRDA:302,25,1,0
BRDA:312,26,0,0
BRDA:312,26,1,0
BRDA:312,26,2,0
BRDA:316,27,0,0
BRDA:316,27,1,0
BRDA:316,28,0,0
BRDA:316,28,1,0
BRDA:340,29,0,0
BRDA:345,30,0,0
BRF:54
BRH:0
end_of_record
TN:
SF:src/components/auth/LoginForm.tsx
FN:16,LoginForm
FN:25,(anonymous_11)
FN:37,(anonymous_12)
FN:107,(anonymous_13)
FN:108,(anonymous_14)
FN:133,(anonymous_15)
FN:134,(anonymous_16)
FN:173,(anonymous_17)
FNF:8
FNH:0
FNDA:0,LoginForm
FNDA:0,(anonymous_11)
FNDA:0,(anonymous_12)
FNDA:0,(anonymous_13)
FNDA:0,(anonymous_14)
FNDA:0,(anonymous_15)
FNDA:0,(anonymous_16)
FNDA:0,(anonymous_17)
DA:6,0
DA:7,0
DA:8,0
DA:9,0
DA:10,0
DA:16,0
DA:17,0
DA:18,0
DA:21,0
DA:22,0
DA:26,0
DA:27,0
DA:28,0
DA:30,0
DA:35,0
DA:37,0
DA:38,0
DA:41,0
DA:42,0
DA:45,0
DA:46,0
DA:50,0
DA:51,0
DA:52,0
DA:55,0
DA:57,0
DA:58,0
DA:60,0
DA:61,0
DA:64,0
DA:66,0
DA:71,0
DA:75,0
DA:107,0
DA:108,0
DA:133,0
DA:134,0
DA:174,0
DA:175,0
DA:176,0
DA:177,0
DA:178,0
DA:179,0
DA:180,0
DA:183,0
DA:185,0
LF:46
LH:0
BRDA:27,0,0,0
BRDA:27,1,0,0
BRDA:27,1,1,0
BRDA:45,2,0,0
BRDA:45,3,0,0
BRDA:45,3,1,0
BRDA:51,4,0,0
BRDA:60,5,0,0
BRDA:60,6,0,0
BRDA:60,6,1,0
BRDA:71,7,0,0
BRDA:71,7,1,0
BRDA:71,7,2,0
BRDA:110,8,0,0
BRDA:110,8,1,0
BRDA:110,9,0,0
BRDA:110,9,1,0
BRDA:116,10,0,0
BRDA:116,10,1,0
BRDA:116,10,2,0
BRDA:136,11,0,0
BRDA:136,11,1,0
BRDA:136,12,0,0
BRDA:136,12,1,0
BRDA:142,13,0,0
BRDA:142,13,1,0
BRDA:142,13,2,0
BRDA:142,13,3,0
BRDA:148,14,0,0
BRDA:148,14,1,0
BRDA:158,15,0,0
BRDA:158,15,1,0
BRDA:179,16,0,0
BRDA:188,17,0,0
BRDA:188,17,1,0
BRDA:191,18,0,0
BRDA:191,18,1,0
BRDA:191,19,0,0
BRDA:191,19,1,0
BRF:39
BRH:0
end_of_record
TN:
SF:src/components/auth/ProtectedRoute.tsx
FN:19,ProtectedRoute
FN:53,(anonymous_1)
FN:72,(anonymous_2)
FN:95,(anonymous_3)
FNF:4
FNH:0
FNDA:0,ProtectedRoute
FNDA:0,(anonymous_1)
FNDA:0,(anonymous_2)
FNDA:0,(anonymous_3)
DA:7,0
DA:9,0
DA:19,0
DA:26,0
DA:29,0
DA:30,0
DA:41,0
DA:42,0
DA:43,0
DA:50,0
DA:60,0
DA:61,0
DA:72,0
DA:83,0
DA:84,0
DA:95,0
DA:106,0
LF:17
LH:0
BRDA:29,0,0,0
BRDA:41,1,0,0
BRDA:41,2,0,0
BRDA:41,2,1,0
BRDA:42,3,0,0
BRDA:60,4,0,0
BRDA:60,5,0,0
BRDA:60,5,1,0
BRDA:83,6,0,0
BRDA:83,7,0,0
BRDA:83,7,1,0
BRF:11
BRH:0
end_of_record
TN:
SF:src/components/auth/SignupForm.tsx
FN:18,SignupForm
FN:30,(anonymous_11)
FN:39,(anonymous_12)
FN:112,(anonymous_13)
FN:113,(anonymous_14)
FN:138,(anonymous_15)
FN:139,(anonymous_16)
FN:161,(anonymous_17)
FN:185,(anonymous_18)
FN:186,(anonymous_19)
FN:211,(anonymous_20)
FN:212,(anonymous_21)
FNF:12
FNH:0
FNDA:0,SignupForm
FNDA:0,(anonymous_11)
FNDA:0,(anonymous_12)
FNDA:0,(anonymous_13)
FNDA:0,(anonymous_14)
FNDA:0,(anonymous_15)
FNDA:0,(anonymous_16)
FNDA:0,(anonymous_17)
FNDA:0,(anonymous_18)
FNDA:0,(anonymous_19)
FNDA:0,(anonymous_20)
FNDA:0,(anonymous_21)
DA:6,0
DA:7,0
DA:8,0
DA:9,0
DA:10,0
DA:18,0
DA:19,0
DA:20,0
DA:21,0
DA:24,0
DA:25,0
DA:26,0
DA:28,0
DA:31,0
DA:32,0
DA:33,0
DA:35,0
DA:39,0
DA:40,0
DA:43,0
DA:46,0
DA:47,0
DA:48,0
DA:49,0
DA:51,0
DA:52,0
DA:55,0
DA:57,0
DA:58,0
DA:63,0
DA:65,0
DA:66,0
DA:69,0
DA:71,0
DA:75,0
DA:80,0
DA:112,0
DA:113,0
DA:138,0
DA:139,0
DA:161,0
DA:185,0
DA:186,0
DA:211,0
DA:212,0
LF:45
LH:0
BRDA:32,0,0,0
BRDA:32,1,0,0
BRDA:32,1,1,0
BRDA:51,2,0,0
BRDA:51,3,0,0
BRDA:51,3,1,0
BRDA:51,3,2,0
BRDA:51,3,3,0
BRDA:65,4,0,0
BRDA:65,5,0,0
BRDA:65,5,1,0
BRDA:75,6,0,0
BRDA:75,6,1,0
BRDA:75,6,2,0
BRDA:75,6,3,0
BRDA:75,6,4,0
BRDA:75,6,5,0
BRDA:75,6,6,0
BRDA:75,6,7,0
BRDA:115,7,0,0
BRDA:115,7,1,0
BRDA:115,8,0,0
BRDA:115,8,1,0
BRDA:121,9,0,0
BRDA:121,9,1,0
BRDA:121,9,2,0
BRDA:141,10,0,0
BRDA:141,10,1,0
BRDA:141,11,0,0
BRDA:141,11,1,0
BRDA:147,12,0,0
BRDA:147,12,1,0
BRDA:147,12,2,0
BRDA:188,13,0,0
BRDA:188,13,1,0
BRDA:188,14,0,0
BRDA:188,14,1,0
BRDA:194,15,0,0
BRDA:194,15,1,0
BRDA:194,15,2,0
BRDA:214,16,0,0
BRDA:214,16,1,0
BRDA:214,17,0,0
BRDA:214,17,1,0
BRDA:220,18,0,0
BRDA:220,18,1,0
BRDA:220,18,2,0
BRDA:226,19,0,0
BRDA:226,19,1,0
BRDA:236,20,0,0
BRDA:236,20,1,0
BRF:51
BRH:0
end_of_record
TN:
SF:src/components/auth/UserMenu.tsx
FN:11,UserMenu
FN:20,(anonymous_2)
FN:21,handleClickOutside
FN:28,(anonymous_4)
FN:33,(anonymous_5)
FN:59,(anonymous_6)
FN:72,(anonymous_7)
FN:89,(anonymous_8)
FN:150,(anonymous_9)
FN:189,(anonymous_10)
FNF:10
FNH:0
FNDA:0,UserMenu
FNDA:0,(anonymous_2)
FNDA:0,handleClickOutside
FNDA:0,(anonymous_4)
FNDA:0,(anonymous_5)
FNDA:0,(anonymous_6)
FNDA:0,(anonymous_7)
FNDA:0,(anonymous_8)
FNDA:0,(anonymous_9)
FNDA:0,(anonymous_10)
DA:6,0
DA:7,0
DA:8,0
DA:9,0
DA:11,0
DA:12,0
DA:13,0
DA:14,0
DA:15,0
DA:16,0
DA:17,0
DA:20,0
DA:22,0
DA:23,0
DA:27,0
DA:28,0
DA:29,0
DA:33,0
DA:34,0
DA:35,0
DA:36,0
DA:38,0
DA:39,0
DA:40,0
DA:43,0
DA:48,0
DA:49,0
DA:51,0
DA:55,0
DA:56,0
DA:59,0
DA:60,0
DA:62,0
DA:64,0
DA:66,0
DA:68,0
DA:72,0
DA:73,0
DA:75,0
DA:77,0
DA:79,0
DA:81,0
DA:85,0
DA:89,0
DA:151,0
DA:152,0
DA:189,0
LF:47
LH:0
BRDA:22,0,0,0
BRDA:22,1,0,0
BRDA:22,1,1,0
BRDA:38,2,0,0
BRDA:38,2,1,0
BRDA:55,3,0,0
BRDA:55,4,0,0
BRDA:55,4,1,0
BRDA:60,5,0,0
BRDA:60,5,1,0
BRDA:60,5,2,0
BRDA:60,5,3,0
BRDA:73,6,0,0
BRDA:73,6,1,0
BRDA:73,6,2,0
BRDA:73,6,3,0
BRDA:96,7,0,0
BRDA:96,7,1,0
BRDA:103,8,0,0
BRDA:103,8,1,0
BRDA:113,9,0,0
BRDA:113,9,1,0
BRDA:123,10,0,0
BRDA:123,10,1,0
BRDA:130,11,0,0
BRDA:130,11,1,0
BRDA:135,12,0,0
BRDA:135,12,1,0
BRDA:160,13,0,0
BRDA:160,13,1,0
BRDA:167,14,0,0
BRDA:167,14,1,0
BRDA:170,15,0,0
BRDA:170,15,1,0
BRDA:180,16,0,0
BRDA:180,16,1,0
BRF:36
BRH:0
end_of_record
TN:
SF:src/components/auth/withAuth.tsx
FN:8,withAuth
FN:12,AuthenticatedComponent
FNF:2
FNH:0
FNDA:0,withAuth
FNDA:0,AuthenticatedComponent
DA:5,0
DA:6,0
DA:8,0
DA:12,0
DA:13,0
LF:5
LH:0
BRF:0
BRH:0
end_of_record
TN:
SF:src/components/closing/ActiveSessionsWarning.tsx
FN:9,ActiveSessionsWarning
FN:27,(anonymous_1)
FN:30,(anonymous_2)
FN:31,(anonymous_3)
FN:37,(anonymous_4)
FNF:5
FNH:1
FNDA:5,ActiveSessionsWarning
FNDA:0,(anonymous_1)
FNDA:0,(anonymous_2)
FNDA:0,(anonymous_3)
FNDA:0,(anonymous_4)
DA:9,1
DA:10,5
DA:11,5
DA:14,0
DA:28,0
DA:31,0
DA:37,0
LF:7
LH:3
BRDA:10,0,0,5
BRF:1
BRH:1
end_of_record
TN:
SF:src/components/closing/DailyExpensesBreakdown.tsx
FN:9,DailyExpensesBreakdown
FN:26,(anonymous_1)
FN:28,(anonymous_2)
FN:29,(anonymous_3)
FN:30,(anonymous_4)
FN:46,(anonymous_5)
FN:48,(anonymous_6)
FN:72,(anonymous_7)
FN:73,(anonymous_8)
FN:74,(anonymous_9)
FNF:10
FNH:10
FNDA:5,DailyExpensesBreakdown
FNDA:4,(anonymous_1)
FNDA:6,(anonymous_2)
FNDA:10,(anonymous_3)
FNDA:8,(anonymous_4)
FNDA:5,(anonymous_5)
FNDA:9,(anonymous_6)
FNDA:6,(anonymous_7)
FNDA:6,(anonymous_8)
FNDA:10,(anonymous_9)
DA:1,1
DA:9,1
DA:10,5
DA:11,1
DA:14,4
DA:28,4
DA:29,6
DA:30,10
DA:31,10
DA:32,1
DA:33,1
DA:35,9
DA:42,6
DA:46,5
DA:48,4
DA:49,9
DA:50,9
DA:72,6
DA:74,10
DA:75,6
DA:77,6
LF:21
LH:21
BRDA:10,0,0,1
BRDA:31,1,0,1
BRDA:31,1,1,9
BRDA:54,2,0,1
BRDA:54,2,1,8
BRDA:87,3,0,4
BRDA:87,3,1,2
BRF:7
BRH:7
end_of_record
TN:
SF:src/components/closing/DailyPerformanceSummary.tsx
FN:8,DailyPerformanceSummary
FNF:1
FNH:1
FNDA:5,DailyPerformanceSummary
DA:1,1
DA:8,1
DA:9,5
LF:3
LH:3
BRF:0
BRH:0
end_of_record
TN:
SF:src/components/closing/RemainingTherapists.tsx
FN:10,RemainingTherapists
FN:31,(anonymous_1)
FN:41,(anonymous_2)
FN:43,(anonymous_3)
FNF:4
FNH:4
FNDA:5,RemainingTherapists
FNDA:7,(anonymous_1)
FNDA:10,(anonymous_2)
FNDA:10,(anonymous_3)
DA:1,1
DA:10,1
DA:15,5
DA:32,7
DA:41,10
DA:43,10
LF:6
LH:6
BRDA:19,0,0,0
BRDA:19,0,1,5
BRDA:40,1,0,7
BRDA:40,1,1,6
BRF:4
BRH:3
end_of_record
TN:
SF:src/components/closing/SessionHistory.tsx
FN:12,SessionHistory
FN:59,(anonymous_1)
FN:76,(anonymous_2)
FN:77,(anonymous_3)
FN:84,(anonymous_4)
FN:103,(anonymous_5)
FN:113,(anonymous_6)
FNF:7
FNH:4
FNDA:5,SessionHistory
FNDA:1,(anonymous_1)
FNDA:1,(anonymous_2)
FNDA:1,(anonymous_3)
FNDA:0,(anonymous_4)
FNDA:0,(anonymous_5)
FNDA:0,(anonymous_6)
DA:1,1
DA:12,1
DA:19,5
DA:60,1
DA:77,1
DA:84,0
DA:103,0
DA:113,0
LF:8
LH:5
BRDA:23,0,0,4
BRDA:23,0,1,1
BRDA:77,1,0,1
BRDA:77,1,1,0
BRDA:91,2,0,0
BRDA:91,2,1,1
BRDA:95,3,0,0
BRDA:95,3,1,1
BRDA:100,4,0,1
BRDA:100,4,1,1
BRF:10
BRH:7
end_of_record
TN:
SF:src/components/closing/WorkingHoursSummary.tsx
FN:23,WorkingHoursSummary
FN:35,(anonymous_1)
FN:65,(anonymous_2)
FN:77,(anonymous_3)
FN:112,(anonymous_4)
FN:114,(anonymous_5)
FNF:6
FNH:1
FNDA:5,WorkingHoursSummary
FNDA:0,(anonymous_1)
FNDA:0,(anonymous_2)
FNDA:0,(anonymous_3)
FNDA:0,(anonymous_4)
FNDA:0,(anonymous_5)
DA:1,1
DA:23,1
DA:29,5
DA:36,0
DA:37,0
DA:38,0
DA:40,0
DA:65,0
DA:77,0
DA:114,0
DA:115,0
DA:118,0
DA:122,0
LF:13
LH:3
BRDA:82,0,0,5
BRDA:82,0,1,0
BRDA:115,1,0,0
BRDA:118,2,0,0
BRDA:118,2,1,0
BRDA:119,3,0,0
BRDA:119,3,1,0
BRDA:131,4,0,0
BRDA:131,4,1,0
BRDA:140,5,0,0
BRDA:140,5,1,0
BRDA:142,6,0,0
BRDA:142,6,1,0
BRDA:146,7,0,0
BRDA:146,7,1,0
BRDA:147,8,0,0
BRDA:147,8,1,0
BRDA:152,9,0,0
BRDA:152,9,1,0
BRDA:156,10,0,0
BRDA:156,10,1,0
BRF:21
BRH:1
end_of_record
TN:
SF:src/components/closing/index.ts
FN:1,(anonymous_1)
FN:2,(anonymous_2)
FN:3,(anonymous_3)
FN:4,(anonymous_4)
FN:5,(anonymous_5)
FN:6,(anonymous_6)
FNF:6
FNH:6
FNDA:5,(anonymous_1)
FNDA:5,(anonymous_2)
FNDA:5,(anonymous_3)
FNDA:5,(anonymous_4)
FNDA:5,(anonymous_5)
FNDA:5,(anonymous_6)
DA:1,6
DA:2,6
DA:3,6
DA:4,6
DA:5,6
DA:6,6
LF:6
LH:6
BRF:0
BRH:0
end_of_record
TN:
SF:src/components/dashboard/DashboardHeader.tsx
FN:13,DashboardHeader
FN:21,(anonymous_1)
FN:30,(anonymous_2)
FNF:3
FNH:0
FNDA:0,DashboardHeader
FNDA:0,(anonymous_1)
FNDA:0,(anonymous_2)
DA:1,0
DA:2,0
DA:13,0
DA:21,0
DA:22,0
DA:30,0
DA:31,0
DA:38,0
LF:8
LH:0
BRDA:80,0,0,0
BRDA:80,0,1,0
BRDA:81,1,0,0
BRDA:81,1,1,0
BRF:4
BRH:0
end_of_record
TN:
SF:src/components/dashboard/DashboardStats.tsx
FN:15,DashboardStats
FN:25,(anonymous_1)
FN:65,(anonymous_2)
FNF:3
FNH:0
FNDA:0,DashboardStats
FNDA:0,(anonymous_1)
FNDA:0,(anonymous_2)
DA:1,0
DA:2,0
DA:3,0
DA:15,0
DA:25,0
DA:63,0
DA:66,0
LF:7
LH:0
BRF:0
BRH:0
end_of_record
TN:
SF:src/components/dashboard/TherapistGrid.tsx
FN:8,TherapistGrid
FN:11,(anonymous_2)
FNF:2
FNH:0
FNDA:0,TherapistGrid
FNDA:0,(anonymous_2)
DA:1,0
DA:8,0
DA:9,0
DA:12,0
LF:4
LH:0
BRF:0
BRH:0
end_of_record
TN:
SF:src/components/debug/AuthDebugPanel.tsx
FN:20,AuthDebugPanel
FN:28,(anonymous_1)
FN:29,(anonymous_2)
FN:33,(anonymous_3)
FN:36,(anonymous_4)
FN:39,(anonymous_5)
FN:43,(anonymous_6)
FN:46,(anonymous_7)
FN:50,(anonymous_8)
FN:58,(anonymous_9)
FN:60,(anonymous_10)
FN:63,(anonymous_11)
FN:65,(anonymous_12)
FN:68,(anonymous_13)
FN:73,(anonymous_14)
FN:86,(anonymous_15)
FN:145,(anonymous_16)
FN:148,(anonymous_17)
FN:155,(anonymous_18)
FN:242,(anonymous_19)
FNF:20
FNH:0
FNDA:0,AuthDebugPanel
FNDA:0,(anonymous_1)
FNDA:0,(anonymous_2)
FNDA:0,(anonymous_3)
FNDA:0,(anonymous_4)
FNDA:0,(anonymous_5)
FNDA:0,(anonymous_6)
FNDA:0,(anonymous_7)
FNDA:0,(anonymous_8)
FNDA:0,(anonymous_9)
FNDA:0,(anonymous_10)
FNDA:0,(anonymous_11)
FNDA:0,(anonymous_12)
FNDA:0,(anonymous_13)
FNDA:0,(anonymous_14)
FNDA:0,(anonymous_15)
FNDA:0,(anonymous_16)
FNDA:0,(anonymous_17)
FNDA:0,(anonymous_18)
FNDA:0,(anonymous_19)
DA:6,0
DA:7,0
DA:8,0
DA:20,0
DA:21,0
DA:22,0
DA:23,0
DA:24,0
DA:25,0
DA:28,0
DA:29,0
DA:30,0
DA:33,0
DA:36,0
DA:37,0
DA:38,0
DA:39,0
DA:40,0
DA:43,0
DA:44,0
DA:45,0
DA:46,0
DA:47,0
DA:50,0
DA:51,0
DA:52,0
DA:53,0
DA:54,0
DA:55,0
DA:58,0
DA:59,0
DA:60,0
DA:63,0
DA:64,0
DA:65,0
DA:68,0
DA:69,0
DA:70,0
DA:73,0
DA:74,0
DA:75,0
DA:76,0
DA:77,0
DA:78,0
DA:79,0
DA:80,0
DA:81,0
DA:82,0
DA:83,0
DA:86,0
DA:88,0
DA:90,0
DA:145,0
DA:149,0
DA:155,0
DA:243,0
LF:56
LH:0
BRDA:88,0,0,0
BRDA:115,1,0,0
BRDA:115,1,1,0
BRDA:116,2,0,0
BRDA:116,2,1,0
BRDA:121,3,0,0
BRDA:121,3,1,0
BRDA:122,4,0,0
BRDA:122,4,1,0
BRDA:128,5,0,0
BRDA:128,5,1,0
BRDA:131,6,0,0
BRDA:131,6,1,0
BRDA:182,7,0,0
BRDA:182,7,1,0
BRDA:226,8,0,0
BRDA:226,8,1,0
BRDA:239,9,0,0
BRDA:239,9,1,0
BRDA:246,10,0,0
BRDA:246,10,1,0
BRDA:247,11,0,0
BRDA:247,11,1,0
BRDA:248,12,0,0
BRDA:248,12,1,0
BRDA:254,13,0,0
BRDA:254,13,1,0
BRF:27
BRH:0
end_of_record
TN:
SF:src/components/debug/DebugButton.tsx
FN:9,DebugButton
FN:21,(anonymous_2)
FN:34,(anonymous_3)
FNF:3
FNH:0
FNDA:0,DebugButton
FNDA:0,(anonymous_2)
FNDA:0,(anonymous_3)
DA:6,0
DA:7,0
DA:9,0
DA:10,0
DA:13,0
DA:14,0
DA:17,0
DA:21,0
DA:34,0
LF:9
LH:0
BRDA:13,0,0,0
BRF:1
BRH:0
end_of_record
TN:
SF:src/components/optimized/TherapistList.tsx
FN:15,TherapistList
FN:22,(anonymous_2)
FN:28,(anonymous_3)
FN:34,(anonymous_4)
FN:35,(anonymous_5)
FN:47,(anonymous_6)
FN:50,(anonymous_7)
FN:55,(anonymous_8)
FN:58,(anonymous_9)
FN:79,(anonymous_10)
FN:103,(anonymous_11)
FN:104,(anonymous_12)
FN:110,(anonymous_13)
FN:141,(anonymous_14)
FN:143,(anonymous_15)
FN:157,getStatusColor
FN:167,formatCurrency
FNF:17
FNH:0
FNDA:0,TherapistList
FNDA:0,(anonymous_2)
FNDA:0,(anonymous_3)
FNDA:0,(anonymous_4)
FNDA:0,(anonymous_5)
FNDA:0,(anonymous_6)
FNDA:0,(anonymous_7)
FNDA:0,(anonymous_8)
FNDA:0,(anonymous_9)
FNDA:0,(anonymous_10)
FNDA:0,(anonymous_11)
FNDA:0,(anonymous_12)
FNDA:0,(anonymous_13)
FNDA:0,(anonymous_14)
FNDA:0,(anonymous_15)
FNDA:0,getStatusColor
FNDA:0,formatCurrency
DA:1,0
DA:2,0
DA:4,0
DA:5,0
DA:15,0
DA:22,0
DA:25,0
DA:28,0
DA:29,0
DA:30,0
DA:34,0
DA:35,0
DA:47,0
DA:48,0
DA:50,0
DA:51,0
DA:55,0
DA:56,0
DA:58,0
DA:59,0
DA:63,0
DA:80,0
DA:93,0
DA:104,0
DA:105,0
DA:106,0
DA:110,0
DA:111,0
DA:112,0
DA:116,0
DA:141,0
DA:143,0
DA:158,0
DA:159,0
DA:160,0
DA:161,0
DA:162,0
DA:163,0
DA:168,0
LF:39
LH:0
BRDA:29,0,0,0
BRDA:48,1,0,0
BRDA:56,2,0,0
BRDA:67,3,0,0
BRDA:67,3,1,0
BRDA:105,4,0,0
BRDA:111,5,0,0
BRDA:119,6,0,0
BRDA:119,6,1,0
BRDA:158,7,0,0
BRDA:158,7,1,0
BRDA:158,7,2,0
BRDA:158,7,3,0
BRDA:158,7,4,0
BRF:14
BRH:0
end_of_record
TN:
SF:src/components/roster/RosterActions.tsx
FN:16,RosterActions
FN:46,(anonymous_1)
FN:51,(anonymous_2)
FN:56,(anonymous_3)
FN:61,(anonymous_4)
FN:63,(anonymous_5)
FN:87,(anonymous_6)
FN:91,(anonymous_7)
FNF:8
FNH:2
FNDA:9,RosterActions
FNDA:0,(anonymous_1)
FNDA:0,(anonymous_2)
FNDA:0,(anonymous_3)
FNDA:9,(anonymous_4)
FNDA:0,(anonymous_5)
FNDA:0,(anonymous_6)
FNDA:0,(anonymous_7)
DA:1,1
DA:2,1
DA:16,1
DA:23,9
DA:24,9
DA:25,9
DA:28,9
DA:34,9
DA:40,9
DA:46,9
DA:47,0
DA:48,0
DA:51,9
DA:52,0
DA:53,0
DA:56,9
DA:57,0
DA:61,9
DA:62,9
DA:63,0
DA:64,0
DA:65,0
DA:66,0
DA:67,0
DA:68,0
DA:70,0
DA:71,0
DA:72,0
DA:74,0
DA:75,0
DA:76,0
DA:77,0
DA:78,0
DA:79,0
DA:84,0
DA:87,0
DA:88,0
DA:91,0
DA:92,0
DA:97,9
DA:256,1
LF:41
LH:16
BRDA:20,0,0,0
BRDA:21,1,0,0
BRDA:47,2,0,0
BRDA:62,3,0,0
BRDA:64,4,0,0
BRDA:64,4,1,0
BRDA:66,5,0,0
BRDA:66,5,1,0
BRDA:66,6,0,0
BRDA:66,6,1,0
BRDA:68,7,0,0
BRDA:74,8,0,0
BRDA:74,8,1,0
BRDA:74,9,0,0
BRDA:74,9,1,0
BRDA:77,10,0,0
BRDA:77,11,0,0
BRDA:77,11,1,0
BRDA:100,12,0,9
BRDA:100,12,1,0
BRDA:168,13,0,9
BRDA:168,13,1,0
BRDA:172,14,0,0
BRDA:172,14,1,0
BRDA:179,15,0,0
BRDA:179,15,1,0
BRDA:183,16,0,0
BRDA:183,16,1,0
BRDA:186,17,0,0
BRDA:186,17,1,0
BRDA:198,18,0,0
BRDA:198,18,1,9
BRDA:200,19,0,9
BRDA:200,19,1,0
BRDA:202,20,0,0
BRDA:202,20,1,9
BRDA:202,21,0,0
BRDA:202,21,1,9
BRDA:203,22,0,0
BRDA:203,22,1,9
BRDA:207,23,0,0
BRDA:207,23,1,9
BRDA:210,24,0,0
BRDA:210,24,1,9
BRDA:220,25,0,0
BRDA:220,25,1,9
BRDA:228,26,0,9
BRDA:228,26,1,9
BRDA:228,26,2,0
BRDA:234,27,0,9
BRDA:234,27,1,0
BRF:51
BRH:13
end_of_record
TN:
SF:src/components/roster/RosterHeader.tsx
FN:18,RosterHeader
FN:33,(anonymous_1)
FNF:2
FNH:2
FNDA:9,RosterHeader
FNDA:9,(anonymous_1)
DA:1,1
DA:18,1
DA:27,9
DA:28,9
DA:29,9
DA:33,9
DA:34,9
DA:35,9
DA:36,9
DA:37,9
DA:40,9
DA:162,1
LF:12
LH:12
BRDA:24,0,0,0
BRDA:25,1,0,0
BRDA:29,2,0,9
BRDA:29,2,1,0
BRDA:34,3,0,0
BRDA:35,4,0,0
BRDA:36,5,0,0
BRDA:120,6,0,9
BRDA:120,6,1,9
BRDA:124,7,0,0
BRDA:124,7,1,9
BRDA:134,8,0,0
BRDA:134,8,1,9
BRDA:139,9,0,9
BRDA:139,9,1,0
BRDA:143,10,0,0
BRDA:143,10,1,9
BRDA:153,11,0,0
BRDA:153,11,1,9
BRF:19
BRH:8
end_of_record
TN:
SF:src/components/roster/RosterList.tsx
FN:12,(anonymous_0)
FN:13,(anonymous_1)
FN:17,(anonymous_2)
FN:18,(anonymous_3)
FN:22,(anonymous_4)
FN:33,(anonymous_5)
FN:53,RosterList
FN:66,(anonymous_7)
FN:74,(anonymous_8)
FN:80,(anonymous_9)
FN:86,(anonymous_10)
FN:90,(anonymous_11)
FN:105,(anonymous_12)
FN:106,(anonymous_13)
FN:117,(anonymous_14)
FN:121,(anonymous_15)
FN:125,(anonymous_16)
FN:139,(anonymous_17)
FN:140,(anonymous_18)
FN:256,(anonymous_19)
FN:257,(anonymous_20)
FN:261,(anonymous_21)
FN:263,(anonymous_22)
FN:265,(anonymous_23)
FN:283,(anonymous_24)
FN:301,(anonymous_25)
FN:328,(anonymous_26)
FNF:27
FNH:1
FNDA:0,(anonymous_0)
FNDA:0,(anonymous_1)
FNDA:0,(anonymous_2)
FNDA:0,(anonymous_3)
FNDA:0,(anonymous_4)
FNDA:0,(anonymous_5)
FNDA:9,RosterList
FNDA:0,(anonymous_7)
FNDA:0,(anonymous_8)
FNDA:0,(anonymous_9)
FNDA:0,(anonymous_10)
FNDA:0,(anonymous_11)
FNDA:0,(anonymous_12)
FNDA:0,(anonymous_13)
FNDA:0,(anonymous_14)
FNDA:0,(anonymous_15)
FNDA:0,(anonymous_16)
FNDA:0,(anonymous_17)
FNDA:0,(anonymous_18)
FNDA:0,(anonymous_19)
FNDA:0,(anonymous_20)
FNDA:0,(anonymous_21)
FNDA:0,(anonymous_22)
FNDA:0,(anonymous_23)
FNDA:0,(anonymous_24)
FNDA:0,(anonymous_25)
FNDA:0,(anonymous_26)
DA:1,1
DA:3,1
DA:6,1
DA:7,1
DA:12,1
DA:13,0
DA:14,0
DA:17,1
DA:18,0
DA:19,0
DA:22,1
DA:23,0
DA:30,0
DA:33,1
DA:34,0
DA:35,0
DA:36,0
DA:37,0
DA:53,1
DA:61,9
DA:62,9
DA:63,9
DA:64,9
DA:66,9
DA:67,0
DA:68,0
DA:69,0
DA:70,0
DA:71,0
DA:74,9
DA:75,0
DA:76,0
DA:77,0
DA:80,9
DA:81,0
DA:82,0
DA:83,0
DA:86,9
DA:87,0
DA:90,9
DA:91,0
DA:92,0
DA:94,0
DA:95,0
DA:96,0
DA:97,0
DA:99,0
DA:100,0
DA:101,0
DA:105,9
DA:106,0
DA:107,0
DA:108,0
DA:109,0
DA:111,0
DA:113,0
DA:117,9
DA:118,0
DA:119,0
DA:121,0
DA:125,9
DA:126,0
DA:128,0
DA:132,0
DA:133,0
DA:134,0
DA:135,0
DA:139,9
DA:140,0
DA:141,0
DA:142,0
DA:144,0
DA:147,9
DA:148,9
DA:206,0
DA:256,0
DA:258,0
DA:261,0
DA:263,0
DA:265,0
DA:283,0
DA:301,0
DA:329,0
DA:330,0
DA:377,1
LF:85
LH:25
BRDA:34,0,0,0
BRDA:35,1,0,0
BRDA:36,2,0,0
BRDA:58,3,0,0
BRDA:59,4,0,0
BRDA:67,5,0,0
BRDA:92,6,0,0
BRDA:92,7,0,0
BRDA:92,7,1,0
BRDA:92,7,2,0
BRDA:108,8,0,0
BRDA:108,8,1,0
BRDA:118,9,0,0
BRDA:118,9,1,0
BRDA:126,10,0,0
BRDA:126,11,0,0
BRDA:126,11,1,0
BRDA:129,12,0,0
BRDA:129,12,1,0
BRDA:132,13,0,0
BRDA:141,14,0,0
BRDA:147,15,0,9
BRDA:209,16,0,0
BRDA:209,16,1,0
BRDA:209,16,2,0
BRDA:216,17,0,0
BRDA:216,17,1,0
BRDA:221,18,0,0
BRDA:221,18,1,0
BRDA:224,19,0,0
BRDA:224,19,1,0
BRDA:230,20,0,0
BRDA:230,20,1,0
BRDA:233,21,0,0
BRDA:233,21,1,0
BRDA:245,22,0,0
BRDA:245,22,1,0
BRDA:267,23,0,0
BRDA:267,23,1,0
BRDA:269,24,0,0
BRDA:269,24,1,0
BRDA:279,25,0,0
BRDA:279,25,1,0
BRDA:279,25,2,0
BRDA:289,26,0,0
BRDA:289,26,1,0
BRDA:289,26,2,0
BRDA:354,27,0,0
BRDA:354,27,1,0
BRDA:355,28,0,0
BRDA:355,28,1,0
BRDA:356,29,0,0
BRDA:356,29,1,0
BRDA:359,30,0,0
BRDA:359,30,1,0
BRDA:360,31,0,0
BRDA:360,31,1,0
BRDA:361,32,0,0
BRDA:361,32,1,0
BRF:59
BRH:1
end_of_record
TN:
SF:src/components/roster/RosterSearch.tsx
FN:21,(anonymous_1)
FN:22,(anonymous_2)
FN:26,(anonymous_3)
FN:27,(anonymous_4)
FN:31,(anonymous_5)
FN:39,RosterSearch
FN:63,(anonymous_7)
FN:77,(anonymous_8)
FN:90,(anonymous_9)
FN:95,(anonymous_10)
FN:101,(anonymous_11)
FN:105,(anonymous_12)
FN:128,(anonymous_13)
FN:132,(anonymous_14)
FN:143,(anonymous_15)
FN:147,(anonymous_16)
FN:161,(anonymous_17)
FN:207,(anonymous_18)
FN:208,(anonymous_19)
FN:216,(anonymous_20)
FN:224,(anonymous_21)
FNF:21
FNH:10
FNDA:18,(anonymous_1)
FNDA:198,(anonymous_2)
FNDA:18,(anonymous_3)
FNDA:18,(anonymous_4)
FNDA:18,(anonymous_5)
FNDA:9,RosterSearch
FNDA:18,(anonymous_7)
FNDA:0,(anonymous_8)
FNDA:0,(anonymous_9)
FNDA:0,(anonymous_10)
FNDA:9,(anonymous_11)
FNDA:0,(anonymous_12)
FNDA:0,(anonymous_13)
FNDA:45,(anonymous_14)
FNDA:0,(anonymous_15)
FNDA:36,(anonymous_16)
FNDA:0,(anonymous_17)
FNDA:0,(anonymous_18)
FNDA:0,(anonymous_19)
FNDA:0,(anonymous_20)
FNDA:0,(anonymous_21)
DA:1,1
DA:2,1
DA:3,1
DA:4,1
DA:14,1
DA:15,1
DA:21,1
DA:22,198
DA:23,18
DA:26,1
DA:27,18
DA:28,18
DA:31,1
DA:32,18
DA:39,1
DA:44,9
DA:47,9
DA:48,9
DA:49,9
DA:57,9
DA:63,9
DA:64,18
DA:65,18
DA:66,18
DA:68,18
DA:69,18
DA:70,18
DA:72,18
DA:75,9
DA:77,9
DA:78,0
DA:79,0
DA:80,0
DA:87,9
DA:91,0
DA:95,9
DA:96,0
DA:97,0
DA:101,9
DA:102,9
DA:105,9
DA:106,0
DA:107,0
DA:108,0
DA:109,0
DA:112,9
DA:128,0
DA:133,45
DA:143,0
DA:148,36
DA:161,0
DA:207,0
DA:209,0
DA:210,0
DA:211,0
DA:213,0
DA:216,0
DA:224,0
LF:58
LH:38
BRDA:32,0,0,18
BRDA:32,0,1,0
BRDA:68,1,0,18
BRDA:68,1,1,0
BRDA:69,2,0,18
BRDA:69,2,1,0
BRDA:70,3,0,18
BRDA:70,3,1,0
BRDA:72,4,0,18
BRDA:72,4,1,18
BRDA:72,4,2,18
BRDA:75,5,0,9
BRDA:75,5,1,9
BRDA:75,5,2,9
BRDA:75,5,3,9
BRDA:173,6,0,9
BRDA:173,6,1,0
BRDA:204,7,0,9
BRDA:204,7,1,0
BRDA:204,7,2,0
BRDA:218,8,0,0
BRDA:218,8,1,0
BRDA:232,9,0,0
BRDA:232,9,1,0
BRDA:236,10,0,0
BRDA:236,10,1,0
BRDA:269,11,0,9
BRDA:269,11,1,0
BRDA:269,11,2,0
BRDA:269,11,3,0
BRF:30
BRH:14
end_of_record
TN:
SF:src/components/roster/RosterSidebar.tsx
FN:14,RosterSidebar
FN:84,(anonymous_1)
FNF:2
FNH:1
FNDA:9,RosterSidebar
FNDA:0,(anonymous_1)
DA:1,1
DA:14,1
DA:19,9
DA:23,9
DA:85,0
DA:99,1
LF:6
LH:5
BRDA:19,0,0,9
BRDA:19,0,1,0
BRDA:90,1,0,9
BRDA:90,1,1,9
BRF:4
BRH:3
end_of_record
TN:
SF:src/components/roster/RosterStats.tsx
FN:12,RosterStats
FNF:1
FNH:0
FNDA:0,RosterStats
DA:1,1
DA:12,1
DA:16,0
DA:33,1
LF:4
LH:3
BRF:0
BRH:0
end_of_record
TN:
SF:src/components/roster/RosterTemplates.tsx
FN:24,RosterTemplates
FN:38,(anonymous_1)
FN:42,(anonymous_2)
FN:54,(anonymous_3)
FN:58,(anonymous_4)
FN:64,(anonymous_5)
FN:69,(anonymous_6)
FN:76,(anonymous_7)
FN:81,(anonymous_8)
FN:83,(anonymous_9)
FN:83,(anonymous_10)
FN:88,(anonymous_11)
FN:90,(anonymous_12)
FN:90,(anonymous_13)
FN:100,(anonymous_14)
FN:111,(anonymous_15)
FN:127,(anonymous_16)
FN:137,(anonymous_17)
FN:146,(anonymous_18)
FN:173,(anonymous_19)
FN:183,(anonymous_20)
FN:193,(anonymous_21)
FN:200,(anonymous_22)
FN:233,(anonymous_23)
FN:251,(anonymous_24)
FN:257,(anonymous_25)
FN:274,(anonymous_26)
FNF:27
FNH:3
FNDA:17,RosterTemplates
FNDA:9,(anonymous_1)
FNDA:0,(anonymous_2)
FNDA:17,(anonymous_3)
FNDA:0,(anonymous_4)
FNDA:0,(anonymous_5)
FNDA:0,(anonymous_6)
FNDA:0,(anonymous_7)
FNDA:0,(anonymous_8)
FNDA:0,(anonymous_9)
FNDA:0,(anonymous_10)
FNDA:0,(anonymous_11)
FNDA:0,(anonymous_12)
FNDA:0,(anonymous_13)
FNDA:0,(anonymous_14)
FNDA:0,(anonymous_15)
FNDA:0,(anonymous_16)
FNDA:0,(anonymous_17)
FNDA:0,(anonymous_18)
FNDA:0,(anonymous_19)
FNDA:0,(anonymous_20)
FNDA:0,(anonymous_21)
FNDA:0,(anonymous_22)
FNDA:0,(anonymous_23)
FNDA:0,(anonymous_24)
FNDA:0,(anonymous_25)
FNDA:0,(anonymous_26)
DA:1,1
DA:24,1
DA:31,17
DA:32,17
DA:33,17
DA:34,17
DA:35,17
DA:38,17
DA:39,9
DA:40,9
DA:41,8
DA:42,8
DA:46,8
DA:48,0
DA:54,17
DA:55,17
DA:58,17
DA:59,0
DA:61,0
DA:64,0
DA:69,0
DA:70,0
DA:71,0
DA:72,0
DA:73,0
DA:76,17
DA:77,0
DA:78,0
DA:81,17
DA:82,0
DA:83,0
DA:84,0
DA:88,17
DA:89,0
DA:90,0
DA:95,17
DA:100,0
DA:111,0
DA:128,0
DA:137,0
DA:146,0
DA:173,0
DA:183,0
DA:193,0
DA:200,0
DA:234,0
DA:251,0
DA:257,0
DA:274,0
DA:287,1
LF:50
LH:21
BRDA:40,0,0,8
BRDA:59,1,0,0
BRDA:59,2,0,0
BRDA:59,2,1,0
BRDA:66,3,0,0
BRDA:66,3,1,0
BRDA:82,4,0,0
BRDA:123,5,0,17
BRDA:123,5,1,0
BRDA:132,6,0,0
BRDA:132,6,1,0
BRDA:162,7,0,17
BRDA:162,7,1,0
BRDA:218,8,0,17
BRDA:218,8,1,0
BRDA:223,9,0,0
BRDA:223,9,1,0
BRDA:238,10,0,0
BRDA:238,10,1,0
BRDA:242,11,0,0
BRDA:242,11,1,0
BRF:21
BRH:4
end_of_record
TN:
SF:src/components/roster/index.ts
FN:1,(anonymous_1)
FN:2,(anonymous_2)
FN:3,(anonymous_3)
FN:4,(anonymous_4)
FN:5,(anonymous_5)
FN:6,(anonymous_6)
FN:7,(anonymous_7)
FNF:7
FNH:5
FNDA:9,(anonymous_1)
FNDA:0,(anonymous_2)
FNDA:9,(anonymous_3)
FNDA:9,(anonymous_4)
FNDA:9,(anonymous_5)
FNDA:9,(anonymous_6)
FNDA:0,(anonymous_7)
DA:1,10
DA:2,1
DA:3,10
DA:4,10
DA:5,10
DA:6,10
DA:7,1
LF:7
LH:7
BRF:0
BRH:0
end_of_record
TN:
SF:src/components/session/ConfirmStep.tsx
FN:12,ConfirmStep
FNF:1
FNH:0
FNDA:0,ConfirmStep
DA:2,0
DA:12,0
DA:19,0
DA:22,0
DA:23,0
DA:26,0
LF:6
LH:0
BRDA:19,0,0,0
BRDA:19,0,1,0
BRDA:22,1,0,0
BRDA:22,1,1,0
BRDA:23,2,0,0
BRDA:23,2,1,0
BRDA:23,3,0,0
BRDA:23,3,1,0
BRDA:65,4,0,0
BRDA:65,4,1,0
BRDA:65,5,0,0
BRDA:65,5,1,0
BRF:12
BRH:0
end_of_record
TN:
SF:src/components/session/DiscountStep.tsx
FN:13,DiscountStep
FN:24,(anonymous_1)
FN:39,(anonymous_2)
FN:55,(anonymous_3)
FN:58,(anonymous_4)
FN:81,(anonymous_5)
FN:82,(anonymous_6)
FN:91,(anonymous_7)
FNF:8
FNH:0
FNDA:0,DiscountStep
FNDA:0,(anonymous_1)
FNDA:0,(anonymous_2)
FNDA:0,(anonymous_3)
FNDA:0,(anonymous_4)
FNDA:0,(anonymous_5)
FNDA:0,(anonymous_6)
FNDA:0,(anonymous_7)
DA:1,0
DA:3,0
DA:4,0
DA:5,0
DA:13,0
DA:18,0
DA:21,0
DA:25,0
DA:27,0
DA:28,0
DA:31,0
DA:32,0
DA:35,0
DA:39,0
DA:40,0
DA:41,0
DA:42,0
DA:45,0
DA:56,0
DA:58,0
DA:81,0
DA:82,0
DA:92,0
DA:93,0
LF:24
LH:0
BRDA:18,0,0,0
BRDA:18,0,1,0
BRDA:23,1,0,0
BRDA:23,1,1,0
BRDA:25,2,0,0
BRDA:25,2,1,0
BRDA:25,3,0,0
BRDA:25,3,1,0
BRDA:27,4,0,0
BRDA:27,5,0,0
BRDA:27,5,1,0
BRDA:27,5,2,0
BRDA:31,6,0,0
BRDA:31,7,0,0
BRDA:31,7,1,0
BRDA:31,7,2,0
BRDA:40,8,0,0
BRDA:40,8,1,0
BRDA:60,9,0,0
BRDA:60,9,1,0
BRDA:65,10,0,0
BRDA:65,10,1,0
BRDA:79,11,0,0
BRDA:79,11,1,0
BRDA:80,12,0,0
BRDA:80,12,1,0
BRDA:80,13,0,0
BRDA:80,13,1,0
BRDA:85,14,0,0
BRDA:85,14,1,0
BRDA:85,15,0,0
BRDA:85,15,1,0
BRDA:102,16,0,0
BRDA:102,16,1,0
BRDA:102,16,2,0
BRDA:114,17,0,0
BRDA:114,17,1,0
BRF:37
BRH:0
end_of_record
TN:
SF:src/components/session/RoomSelectionStep.tsx
FN:12,RoomSelectionStep
FN:40,(anonymous_1)
FN:41,(anonymous_2)
FN:53,(anonymous_3)
FNF:4
FNH:0
FNDA:0,RoomSelectionStep
FNDA:0,(anonymous_1)
FNDA:0,(anonymous_2)
FNDA:0,(anonymous_3)
DA:12,0
DA:20,0
DA:21,0
DA:36,0
DA:41,0
DA:42,0
DA:44,0
DA:46,0
DA:50,0
DA:53,0
LF:10
LH:0
BRDA:18,0,0,0
BRDA:20,1,0,0
BRDA:42,2,0,0
BRDA:42,2,1,0
BRDA:44,3,0,0
BRDA:44,3,1,0
BRDA:46,4,0,0
BRDA:46,4,1,0
BRDA:46,4,2,0
BRDA:53,5,0,0
BRDA:53,5,1,0
BRDA:56,6,0,0
BRDA:56,6,1,0
BRDA:58,7,0,0
BRDA:58,7,1,0
BRDA:63,8,0,0
BRDA:63,8,1,0
BRDA:64,9,0,0
BRDA:64,9,1,0
BRDA:66,10,0,0
BRDA:66,10,1,0
BRDA:67,11,0,0
BRDA:67,11,1,0
BRDA:69,12,0,0
BRDA:69,12,1,0
BRDA:74,13,0,0
BRDA:74,13,1,0
BRDA:74,13,2,0
BRF:28
BRH:0
end_of_record
TN:
SF:src/components/session/SecondTherapistStep.tsx
FN:9,SecondTherapistStep
FN:19,(anonymous_1)
FN:20,(anonymous_2)
FN:23,(anonymous_3)
FNF:4
FNH:0
FNDA:0,SecondTherapistStep
FNDA:0,(anonymous_1)
FNDA:0,(anonymous_2)
FNDA:0,(anonymous_3)
DA:9,0
DA:14,0
DA:19,0
DA:21,0
DA:23,0
LF:5
LH:0
BRDA:25,0,0,0
BRDA:25,0,1,0
BRF:2
BRH:0
end_of_record
TN:
SF:src/components/session/ServiceCategoryStep.tsx
FN:7,ServiceCategoryStep
FN:15,(anonymous_1)
FN:18,(anonymous_2)
FNF:3
FNH:0
FNDA:0,ServiceCategoryStep
FNDA:0,(anonymous_1)
FNDA:0,(anonymous_2)
DA:7,0
DA:11,0
DA:16,0
DA:18,0
LF:4
LH:0
BRDA:20,0,0,0
BRDA:20,0,1,0
BRDA:27,1,0,0
BRDA:27,1,1,0
BRDA:28,2,0,0
BRDA:28,2,1,0
BRF:6
BRH:0
end_of_record
TN:
SF:src/components/session/ServicePackageStep.tsx
FN:11,ServicePackageStep
FN:24,(anonymous_1)
FN:25,(anonymous_2)
FN:28,(anonymous_3)
FNF:4
FNH:0
FNDA:0,ServicePackageStep
FNDA:0,(anonymous_1)
FNDA:0,(anonymous_2)
FNDA:0,(anonymous_3)
DA:2,0
DA:11,0
DA:17,0
DA:19,0
DA:24,0
DA:26,0
DA:28,0
LF:7
LH:0
BRDA:17,0,0,0
BRDA:30,1,0,0
BRDA:30,1,1,0
BRF:3
BRH:0
end_of_record
TN:
SF:src/components/session/index.ts
FN:1,(anonymous_1)
FN:2,(anonymous_2)
FN:3,(anonymous_3)
FN:4,(anonymous_4)
FN:5,(anonymous_5)
FN:6,(anonymous_6)
FNF:6
FNH:0
FNDA:0,(anonymous_1)
FNDA:0,(anonymous_2)
FNDA:0,(anonymous_3)
FNDA:0,(anonymous_4)
FNDA:0,(anonymous_5)
FNDA:0,(anonymous_6)
DA:1,0
DA:2,0
DA:3,0
DA:4,0
DA:5,0
DA:6,0
LF:6
LH:0
BRF:0
BRH:0
end_of_record
TN:
SF:src/components/therapist/ActionButtons.tsx
FN:14,ActionButtons
FN:23,(anonymous_2)
FNF:2
FNH:0
FNDA:0,ActionButtons
FNDA:0,(anonymous_2)
DA:1,0
DA:23,0
DA:29,0
DA:30,0
DA:44,0
DA:45,0
DA:100,0
DA:101,0
DA:116,0
DA:128,0
LF:10
LH:0
BRDA:29,0,0,0
BRDA:44,1,0,0
BRDA:100,2,0,0
BRF:3
BRH:0
end_of_record
TN:
SF:src/components/therapist/RemoveButton.tsx
FN:8,RemoveButton
FNF:1
FNH:1
FNDA:8,RemoveButton
DA:2,1
DA:9,8
DA:22,1
LF:3
LH:3
BRF:0
BRH:0
end_of_record
TN:
SF:src/components/therapist/StatusDisplay.tsx
FN:8,StatusDisplay
FN:9,(anonymous_2)
FN:24,(anonymous_3)
FN:44,(anonymous_4)
FN:45,(anonymous_5)
FNF:5
FNH:0
FNDA:0,StatusDisplay
FNDA:0,(anonymous_2)
FNDA:0,(anonymous_3)
FNDA:0,(anonymous_4)
FNDA:0,(anonymous_5)
DA:1,0
DA:8,0
DA:9,0
DA:10,0
DA:12,0
DA:14,0
DA:16,0
DA:18,0
DA:20,0
DA:24,0
DA:25,0
DA:26,0
DA:33,0
DA:34,0
DA:41,0
DA:44,0
DA:45,0
DA:48,0
LF:18
LH:0
BRDA:10,0,0,0
BRDA:10,0,1,0
BRDA:10,0,2,0
BRDA:10,0,3,0
BRDA:10,0,4,0
BRDA:25,1,0,0
BRDA:33,2,0,0
BRDA:45,3,0,0
BRDA:45,3,1,0
BRDA:51,4,0,0
BRDA:51,4,1,0
BRDA:58,5,0,0
BRDA:58,5,1,0
BRDA:58,5,2,0
BRF:14
BRH:0
end_of_record
TN:
SF:src/components/therapist/TherapistActions.tsx
FN:15,TherapistActions
FN:24,(anonymous_2)
FN:136,(anonymous_3)
FNF:3
FNH:2
FNDA:39,TherapistActions
FNDA:39,(anonymous_2)
FNDA:0,(anonymous_3)
DA:1,1
DA:3,1
DA:15,1
DA:24,39
DA:57,39
DA:59,39
DA:60,9
DA:74,30
DA:75,20
DA:117,10
DA:118,6
DA:133,4
DA:148,1
LF:13
LH:13
BRDA:59,0,0,9
BRDA:74,1,0,20
BRDA:117,2,0,6
BRF:3
BRH:3
end_of_record
TN:
SF:src/components/therapist/TimerDisplay.tsx
FN:10,TimerDisplay
FN:18,(anonymous_2)
FN:28,(anonymous_3)
FN:37,(anonymous_4)
FN:42,(anonymous_5)
FNF:5
FNH:5
FNDA:32,TimerDisplay
FNDA:32,(anonymous_2)
FNDA:32,(anonymous_3)
FNDA:32,(anonymous_4)
FNDA:30,(anonymous_5)
DA:1,1
DA:3,1
DA:4,1
DA:11,32
DA:16,32
DA:18,32
DA:19,32
DA:20,0
DA:21,0
DA:23,32
DA:24,18
DA:25,14
DA:28,32
DA:29,32
DA:30,2
DA:32,30
DA:33,16
DA:34,12
DA:37,32
DA:38,32
DA:42,32
DA:43,30
DA:44,22
DA:47,32
DA:69,1
LF:25
LH:23
BRDA:12,0,0,0
BRDA:12,0,1,32
BRDA:12,1,0,32
BRDA:12,1,1,2
BRDA:19,2,0,0
BRDA:19,3,0,32
BRDA:19,3,1,6
BRDA:19,3,2,2
BRDA:20,4,0,0
BRDA:20,4,1,0
BRDA:21,5,0,0
BRDA:21,5,1,0
BRDA:23,6,0,14
BRDA:24,7,0,4
BRDA:29,8,0,2
BRDA:29,9,0,32
BRDA:29,9,1,6
BRDA:30,10,0,2
BRDA:30,10,1,0
BRDA:32,11,0,14
BRDA:33,12,0,4
BRDA:43,13,0,8
BRDA:57,14,0,32
BRDA:57,14,1,24
BRDA:57,14,2,24
BRF:25
BRH:18
end_of_record
TN:
SF:src/components/ui/ActionButton.tsx
FN:16,ActionButton
FNF:1
FNH:1
FNDA:108,ActionButton
DA:1,2
DA:2,2
DA:16,2
DA:27,108
DA:29,108
DA:38,108
DA:44,108
DA:46,108
DA:54,108
DA:70,108
DA:89,2
LF:11
LH:11
BRDA:19,0,0,0
BRDA:20,1,0,0
BRDA:21,2,0,0
BRDA:22,3,0,0
BRDA:23,4,0,0
BRDA:44,5,0,108
BRDA:44,5,1,0
BRDA:55,6,0,15
BRDA:55,6,1,93
BRDA:56,7,0,20
BRDA:56,7,1,73
BRDA:57,8,0,29
BRDA:57,8,1,44
BRDA:58,9,0,20
BRDA:58,9,1,24
BRDA:59,10,0,20
BRDA:59,10,1,4
BRDA:61,11,0,15
BRDA:61,11,1,93
BRDA:62,12,0,20
BRDA:62,12,1,73
BRDA:63,13,0,29
BRDA:63,13,1,44
BRDA:64,14,0,20
BRDA:64,14,1,24
BRDA:65,15,0,20
BRDA:65,15,1,4
BRDA:76,16,0,108
BRDA:76,16,1,99
BRDA:76,17,0,99
BRDA:76,17,1,0
BRF:31
BRH:24
end_of_record
TN:
SF:src/components/ui/ActionGroup.tsx
FN:19,ActionGroup
FN:52,ActionItem
FNF:2
FNH:2
FNDA:88,ActionGroup
FNDA:108,ActionItem
DA:1,2
DA:2,2
DA:3,2
DA:10,2
DA:19,2
DA:25,88
DA:31,88
DA:52,2
DA:63,108
DA:65,108
DA:83,2
LF:11
LH:11
BRDA:21,0,0,0
BRDA:22,1,0,79
BRDA:23,2,0,79
BRDA:55,3,0,0
BRDA:57,4,0,95
BRDA:58,5,0,0
BRDA:59,6,0,99
BRF:7
BRH:4
end_of_record
TN:
SF:src/components/ui/Button.tsx
FN:13,(anonymous_0)
FNF:1
FNH:1
FNDA:25,(anonymous_0)
DA:1,3
DA:2,3
DA:12,3
DA:24,25
DA:26,25
DA:35,25
DA:41,25
DA:43,25
DA:69,3
DA:71,3
LF:10
LH:10
BRDA:14,0,0,17
BRDA:15,1,0,22
BRDA:16,2,0,21
BRDA:20,3,0,24
BRDA:47,4,0,25
BRDA:47,4,1,23
BRDA:50,5,0,4
BRDA:50,5,1,21
BRDA:55,6,0,1
BRDA:55,6,1,20
BRDA:61,7,0,25
BRDA:61,7,1,2
BRDA:61,7,2,1
BRF:13
BRH:13
end_of_record
TN:
SF:src/components/ui/Card.tsx
FN:11,Card
FNF:1
FNH:0
FNDA:0,Card
DA:2,2
DA:11,2
DA:17,0
DA:18,0
DA:22,0
DA:28,0
DA:30,0
LF:7
LH:2
BRDA:13,0,0,0
BRDA:14,1,0,0
BRDA:15,2,0,0
BRF:3
BRH:0
end_of_record
TN:
SF:src/components/ui/FormSteps.tsx
FN:27,FormSteps
FN:51,StepHeader
FN:67,StepContent
FN:80,StepActions
FNF:4
FNH:0
FNDA:0,FormSteps
FNDA:0,StepHeader
FNDA:0,StepContent
FNDA:0,StepActions
DA:1,2
DA:2,2
DA:12,2
DA:27,2
DA:36,0
DA:51,2
DA:52,0
DA:67,2
DA:68,0
DA:80,2
DA:81,0
DA:83,0
DA:120,2
DA:121,2
DA:122,2
LF:15
LH:10
BRDA:34,0,0,0
BRDA:51,1,0,0
BRDA:55,2,0,0
BRDA:55,2,1,0
BRDA:67,3,0,0
BRDA:80,4,0,0
BRDA:86,5,0,0
BRDA:86,5,1,0
BRDA:86,5,2,0
BRDA:98,6,0,0
BRDA:98,6,1,0
BRDA:98,6,2,0
BRDA:106,7,0,0
BRDA:106,7,1,0
BRDA:106,7,2,0
BRF:15
BRH:0
end_of_record
TN:
SF:src/components/ui/IconButton.tsx
FN:29,IconButtonComponent
FNF:1
FNH:0
FNDA:0,IconButtonComponent
DA:1,2
DA:2,2
DA:3,2
DA:40,0
DA:42,0
DA:51,0
DA:57,0
DA:63,0
DA:70,0
DA:87,2
DA:100,2
DA:106,2
LF:12
LH:6
BRDA:32,0,0,0
BRDA:33,1,0,0
BRDA:34,2,0,0
BRDA:35,3,0,0
BRDA:76,4,0,0
BRDA:76,4,1,0
BRF:6
BRH:0
end_of_record
TN:
SF:src/components/ui/Input.tsx
FN:12,(anonymous_0)
FNF:1
FNH:1
FNDA:32,(anonymous_0)
DA:1,3
DA:2,3
DA:11,3
DA:21,32
DA:22,32
DA:23,32
DA:25,32
DA:27,32
DA:64,3
DA:66,3
LF:10
LH:10
BRDA:17,0,0,22
BRDA:23,1,0,3
BRDA:23,1,1,29
BRDA:29,2,0,32
BRDA:29,2,1,2
BRDA:36,3,0,32
BRDA:36,3,1,3
BRDA:45,4,0,3
BRDA:45,4,1,29
BRDA:45,5,0,3
BRDA:45,5,1,29
BRDA:49,6,0,32
BRDA:49,6,1,3
BRDA:56,7,0,32
BRDA:56,7,1,3
BRF:15
BRH:15
end_of_record
TN:
SF:src/components/ui/LoadingButton.tsx
FN:29,(anonymous_0)
FNF:1
FNH:0
FNDA:0,(anonymous_0)
DA:1,2
DA:18,2
DA:28,2
DA:30,0
DA:31,0
DA:33,0
DA:47,2
DA:49,2
LF:8
LH:5
BRDA:29,0,0,0
BRDA:29,1,0,0
BRDA:29,2,0,0
BRDA:29,3,0,0
BRDA:34,4,0,0
BRDA:34,4,1,0
BRDA:35,5,0,0
BRDA:35,5,1,0
BRDA:41,6,0,0
BRDA:41,6,1,0
BRF:10
BRH:0
end_of_record
TN:
SF:src/components/ui/Modal.tsx
FN:13,Modal
FN:22,(anonymous_1)
FN:23,(anonymous_2)
FN:34,(anonymous_3)
FN:56,(anonymous_4)
FNF:5
FNH:5
FNDA:23,Modal
FNDA:20,(anonymous_1)
FNDA:4,(anonymous_2)
FNDA:20,(anonymous_3)
FNDA:2,(anonymous_4)
DA:1,3
DA:13,3
DA:22,23
DA:23,20
DA:24,4
DA:25,1
DA:29,20
DA:30,18
DA:31,18
DA:34,20
DA:35,20
DA:36,20
DA:40,23
DA:42,21
DA:49,21
DA:56,2
LF:16
LH:16
BRDA:18,0,0,19
BRDA:19,1,0,22
BRDA:20,2,0,22
BRDA:24,3,0,1
BRDA:29,4,0,18
BRDA:40,5,0,2
BRDA:59,6,0,21
BRDA:59,6,1,4
BRDA:62,7,0,4
BRDA:62,7,1,3
BRF:10
BRH:10
end_of_record
TN:
SF:src/components/ui/StatCard.tsx
FN:12,StatCard
FNF:1
FNH:0
FNDA:0,StatCard
DA:1,2
DA:12,2
DA:20,0
DA:22,0
DA:28,0
DA:30,0
DA:55,2
LF:7
LH:3
BRDA:16,0,0,0
BRDA:18,1,0,0
BRDA:31,2,0,0
BRDA:31,2,1,0
BRDA:34,3,0,0
BRDA:34,3,1,0
BRDA:35,4,0,0
BRDA:35,4,1,0
BRDA:39,5,0,0
BRDA:39,5,1,0
BRDA:47,6,0,0
BRDA:47,6,1,0
BRF:12
BRH:0
end_of_record
TN:
SF:src/components/ui/Statistics.tsx
FN:26,StatisticsComponent
FN:62,StatItemComponent
FN:85,(anonymous_11)
FN:98,(anonymous_12)
FNF:4
FNH:0
FNDA:0,StatisticsComponent
FNDA:0,StatItemComponent
FNDA:0,(anonymous_11)
FNDA:0,(anonymous_12)
DA:1,2
DA:2,2
DA:3,2
DA:4,2
DA:10,2
DA:27,0
DA:63,0
DA:65,0
DA:81,2
DA:85,0
DA:91,2
DA:98,0
DA:104,2
DA:110,2
DA:117,2
DA:119,2
LF:16
LH:11
BRDA:26,0,0,0
BRDA:26,1,0,0
BRDA:32,2,0,0
BRDA:32,2,1,0
BRDA:36,3,0,0
BRDA:36,3,1,0
BRDA:62,4,0,0
BRDA:73,5,0,0
BRDA:73,5,1,0
BRDA:75,6,0,0
BRDA:75,6,1,0
BRF:11
BRH:0
end_of_record
TN:
SF:src/components/ui/StatusBadge.tsx
FN:21,StatusBadgeComponent
FN:28,(anonymous_2)
FN:68,(anonymous_3)
FN:134,(anonymous_4)
FNF:4
FNH:3
FNDA:39,StatusBadgeComponent
FNDA:32,(anonymous_2)
FNDA:32,(anonymous_3)
FNDA:0,(anonymous_4)
DA:1,2
DA:2,2
DA:3,2
DA:28,39
DA:29,32
DA:31,8
DA:38,14
DA:45,6
DA:52,4
DA:59,0
DA:68,39
DA:69,32
DA:70,14
DA:77,18
DA:78,6
DA:85,12
DA:88,39
DA:130,2
DA:134,0
DA:146,2
DA:152,2
LF:21
LH:19
BRDA:23,0,0,0
BRDA:24,1,0,0
BRDA:25,2,0,39
BRDA:29,3,0,8
BRDA:29,3,1,14
BRDA:29,3,2,6
BRDA:29,3,3,4
BRDA:29,3,4,0
BRDA:69,4,0,14
BRDA:77,5,0,6
BRDA:91,6,0,39
BRDA:91,6,1,39
BRDA:91,7,0,1
BRDA:91,7,1,38
BRDA:91,8,0,39
BRDA:91,8,1,1
BRDA:106,9,0,39
BRDA:106,9,1,1
BRDA:106,9,2,1
BRF:19
BRH:16
end_of_record
TN:
SF:src/components/ui/StepIndicator.tsx
FN:7,StepIndicator
FN:14,(anonymous_1)
FNF:2
FNH:0
FNDA:0,StepIndicator
FNDA:0,(anonymous_1)
DA:7,2
DA:12,0
DA:15,0
DA:16,0
DA:17,0
DA:19,0
LF:6
LH:1
BRDA:10,0,0,0
BRDA:23,1,0,0
BRDA:23,1,1,0
BRDA:25,2,0,0
BRDA:25,2,1,0
BRDA:30,3,0,0
BRDA:30,3,1,0
BRDA:38,4,0,0
BRDA:38,4,1,0
BRDA:41,5,0,0
BRDA:41,5,1,0
BRF:11
BRH:0
end_of_record
TN:
SF:src/components/ui/Toast.tsx
FN:11,(anonymous_9)
FN:19,(anonymous_10)
FN:20,(anonymous_11)
FN:22,(anonymous_12)
FN:25,(anonymous_13)
FN:28,(anonymous_14)
FN:48,(anonymous_15)
FN:50,(anonymous_16)
FN:61,(anonymous_17)
FN:64,(anonymous_18)
FN:66,(anonymous_19)
FN:69,(anonymous_20)
FN:70,(anonymous_21)
FN:70,(anonymous_22)
FN:77,(anonymous_23)
FN:82,(anonymous_24)
FN:91,(anonymous_25)
FNF:17
FNH:13
FNDA:23,(anonymous_9)
FNDA:14,(anonymous_10)
FNDA:3,(anonymous_11)
FNDA:1,(anonymous_12)
FNDA:14,(anonymous_13)
FNDA:18,(anonymous_14)
FNDA:2,(anonymous_15)
FNDA:1,(anonymous_16)
FNDA:27,(anonymous_17)
FNDA:6,(anonymous_18)
FNDA:6,(anonymous_19)
FNDA:0,(anonymous_20)
FNDA:0,(anonymous_21)
FNDA:0,(anonymous_22)
FNDA:7,(anonymous_23)
FNDA:0,(anonymous_24)
FNDA:30,(anonymous_25)
DA:1,38
DA:2,38
DA:11,38
DA:17,23
DA:19,23
DA:20,14
DA:21,3
DA:22,3
DA:25,14
DA:28,23
DA:29,18
DA:31,2
DA:33,1
DA:35,1
DA:37,14
DA:41,23
DA:43,18
DA:49,2
DA:50,2
DA:61,38
DA:62,27
DA:64,27
DA:65,6
DA:66,6
DA:69,27
DA:70,0
DA:73,27
DA:78,7
DA:82,0
DA:91,38
DA:92,30
DA:93,29
DA:94,2
DA:96,27
LF:34
LH:32
BRDA:13,0,0,10
BRDA:14,1,0,21
BRDA:29,2,0,2
BRDA:29,2,1,1
BRDA:29,2,2,1
BRDA:29,2,3,14
BRDA:41,3,0,5
BRDA:64,4,0,5
BRDA:93,5,0,2
BRF:9
BRH:9
end_of_record
TN:
SF:src/components/ui/index.ts
FN:1,(anonymous_1)
FN:2,(anonymous_2)
FN:3,(anonymous_3)
FN:4,(anonymous_4)
FN:5,(anonymous_5)
FN:6,(anonymous_6)
FN:7,(anonymous_7)
FN:8,(anonymous_8)
FN:9,(anonymous_9)
FN:10,(anonymous_10)
FN:11,(anonymous_11)
FN:11,(anonymous_12)
FN:12,(anonymous_13)
FN:13,(anonymous_14)
FNF:14
FNH:2
FNDA:0,(anonymous_1)
FNDA:0,(anonymous_2)
FNDA:0,(anonymous_3)
FNDA:0,(anonymous_4)
FNDA:0,(anonymous_5)
FNDA:0,(anonymous_6)
FNDA:0,(anonymous_7)
FNDA:0,(anonymous_8)
FNDA:39,(anonymous_9)
FNDA:0,(anonymous_10)
FNDA:0,(anonymous_11)
FNDA:0,(anonymous_12)
FNDA:196,(anonymous_13)
FNDA:0,(anonymous_14)
DA:1,2
DA:2,2
DA:3,2
DA:4,2
DA:5,2
DA:6,2
DA:7,2
DA:8,2
DA:9,41
DA:10,2
DA:11,2
DA:12,198
DA:13,2
LF:13
LH:13
BRF:0
BRH:0
end_of_record
TN:
SF:src/config/environment.ts
FN:54,loadEnvironmentConfig
FN:62,(anonymous_1)
FN:63,(anonymous_2)
FN:189,(anonymous_3)
FN:194,(anonymous_4)
FN:201,(anonymous_5)
FNF:6
FNH:0
FNDA:0,loadEnvironmentConfig
FNDA:0,(anonymous_1)
FNDA:0,(anonymous_2)
FNDA:0,(anonymous_3)
FNDA:0,(anonymous_4)
FNDA:0,(anonymous_5)
DA:55,0
DA:61,0
DA:62,0
DA:63,0
DA:65,0
DA:66,0
DA:73,0
DA:83,0
DA:84,0
DA:85,0
DA:87,0
DA:94,0
DA:102,0
DA:103,0
DA:104,0
DA:105,0
DA:106,0
DA:114,0
DA:125,0
DA:126,0
DA:127,0
DA:128,0
DA:134,0
DA:135,0
DA:137,0
DA:178,0
DA:181,0
DA:184,0
DA:185,0
DA:186,0
DA:189,0
DA:190,0
DA:194,0
DA:195,0
DA:196,0
DA:201,0
DA:202,0
DA:203,0
LF:38
LH:0
BRDA:65,0,0,0
BRDA:83,1,0,0
BRDA:103,2,0,0
BRDA:105,3,0,0
BRDA:105,4,0,0
BRDA:105,4,1,0
BRDA:105,4,2,0
BRDA:127,5,0,0
BRDA:127,6,0,0
BRDA:127,6,1,0
BRDA:134,7,0,0
BRDA:134,7,1,0
BRDA:144,8,0,0
BRDA:144,8,1,0
BRDA:145,9,0,0
BRDA:145,9,1,0
BRDA:147,10,0,0
BRDA:147,10,1,0
BRDA:151,11,0,0
BRDA:151,11,1,0
BRDA:152,12,0,0
BRDA:152,12,1,0
BRDA:158,13,0,0
BRDA:158,13,1,0
BRDA:165,14,0,0
BRDA:165,14,1,0
BRDA:166,15,0,0
BRDA:166,15,1,0
BRDA:172,16,0,0
BRDA:172,16,1,0
BRDA:195,17,0,0
BRDA:202,18,0,0
BRDA:203,19,0,0
BRDA:203,19,1,0
BRF:34
BRH:0
end_of_record
TN:
SF:src/config/feature-flags.ts
[...]
DA:168,0
DA:173,0
DA:179,0
DA:186,0
DA:194,0
DA:195,0
DA:197,0
DA:199,0
LF:35
LH:0
BRDA:17,0,0,0
BRDA:39,1,0,0
BRDA:75,2,0,0
BRDA:93,3,0,0
BRDA:93,4,0,0
BRDA:93,4,1,0
BRDA:104,5,0,0
BRDA:104,5,1,0
BRDA:116,6,0,0
BRDA:116,6,1,0
BRDA:117,7,0,0
BRDA:117,7,1,0
BRDA:135,8,0,0
BRDA:135,8,1,0
BRDA:155,9,0,0
BRDA:155,9,1,0
BRDA:175,10,0,0
BRDA:175,10,1,0
BRDA:197,11,0,0
BRDA:197,11,1,0
BRF:20
BRH:0
end_of_record
TN:
SF:src/utils/helpers.ts
FN:4,(anonymous_0)
FN:9,(anonymous_1)
FN:14,(anonymous_2)
FN:24,(anonymous_3)
FN:32,(anonymous_4)
FN:38,(anonymous_5)
FN:39,(anonymous_6)
FN:43,(anonymous_7)
FN:53,(anonymous_8)
FN:54,(anonymous_9)
FN:58,(anonymous_10)
FN:63,(anonymous_11)
FN:74,(anonymous_12)
FN:75,(anonymous_13)
FN:83,(anonymous_14)
FN:85,(anonymous_15)
FN:92,(anonymous_16)
FN:108,(anonymous_17)
FNF:18
FNH:18
FNDA:352,(anonymous_0)
FNDA:116,(anonymous_1)
FNDA:5,(anonymous_2)
FNDA:2,(anonymous_3)
FNDA:2,(anonymous_4)
FNDA:4,(anonymous_5)
FNDA:14,(anonymous_6)
FNDA:2,(anonymous_7)
FNDA:1,(anonymous_8)
FNDA:4,(anonymous_9)
FNDA:29,(anonymous_10)
FNDA:5,(anonymous_11)
FNDA:2,(anonymous_12)
FNDA:62,(anonymous_13)
FNDA:5,(anonymous_14)
FNDA:9,(anonymous_15)
FNDA:5,(anonymous_16)
FNDA:2,(anonymous_17)
DA:4,7
DA:5,352
DA:9,7
DA:10,116
DA:14,7
DA:15,5
DA:16,5
DA:17,5
DA:18,3
DA:20,2
DA:24,7
DA:25,2
DA:26,2
DA:27,2
DA:28,2
DA:32,7
DA:33,2
DA:34,2
DA:38,7
DA:39,14
DA:42,4
DA:43,1
DA:44,2
DA:46,1
DA:49,3
DA:53,7
DA:54,4
DA:58,7
DA:59,29
DA:63,7
DA:64,5
DA:65,5
DA:67,5
DA:68,5
DA:70,5
DA:74,7
DA:75,2
DA:76,62
DA:77,62
DA:78,62
DA:83,7
DA:84,5
DA:85,3
DA:86,9
DA:92,7
DA:93,5
DA:95,1
DA:97,1
DA:99,1
DA:101,1
DA:103,1
DA:108,7
DA:109,2
LF:53
LH:53
BRDA:17,0,0,3
BRDA:39,1,0,14
BRDA:39,1,1,4
BRDA:42,2,0,1
BRDA:42,3,0,4
BRDA:42,3,1,1
BRDA:42,3,2,1
BRDA:44,4,0,2
BRDA:44,4,1,2
BRDA:58,5,0,3
BRDA:77,6,0,60
BRDA:77,6,1,2
BRDA:84,7,0,2
BRDA:86,8,0,9
BRDA:86,8,1,8
BRDA:93,9,0,1
BRDA:93,9,1,1
BRDA:93,9,2,1
BRDA:93,9,3,1
BRDA:93,9,4,1
BRDA:109,10,0,1
BRDA:109,10,1,1
BRF:22
BRH:22
end_of_record
TN:
SF:src/utils/index.ts
FNF:0
FNH:0
DA:2,0
DA:5,0
DA:8,0
LF:3
LH:0
BRF:0
BRH:0
end_of_record
TN:
SF:src/utils/lazyDependencies.ts
FN:7,(anonymous_9)
FN:9,(anonymous_10)
FN:10,(anonymous_11)
FN:17,(anonymous_12)
FN:19,(anonymous_13)
FN:26,(anonymous_14)
FN:27,(anonymous_15)
FN:32,(anonymous_16)
FN:33,(anonymous_17)
FNF:9
FNH:0
FNDA:0,(anonymous_9)
FNDA:0,(anonymous_10)
FNDA:0,(anonymous_11)
FNDA:0,(anonymous_12)
FNDA:0,(anonymous_13)
FNDA:0,(anonymous_14)
FNDA:0,(anonymous_15)
FNDA:0,(anonymous_16)
FNDA:0,(anonymous_17)
DA:7,0
DA:8,0
DA:9,0
DA:10,0
DA:13,0
DA:17,0
DA:18,0
DA:19,0
DA:22,0
DA:26,0
DA:27,0
DA:28,0
DA:32,0
DA:33,0
DA:34,0
LF:15
LH:0
BRF:0
BRH:0
end_of_record
TN:
SF:src/utils/logger.ts
FN:17,(anonymous_0)
FN:21,(anonymous_1)
FN:27,(anonymous_2)
FN:33,(anonymous_3)
FN:39,(anonymous_4)
FNF:5
FNH:0
FNDA:0,(anonymous_0)
FNDA:0,(anonymous_1)
FNDA:0,(anonymous_2)
FNDA:0,(anonymous_3)
FNDA:0,(anonymous_4)
DA:15,0
DA:18,0
DA:19,0
DA:22,0
DA:23,0
DA:28,0
DA:29,0
DA:34,0
DA:35,0
DA:40,0
DA:41,0
DA:45,0
DA:53,0
DA:56,0
DA:59,0
LF:15
LH:0
BRDA:22,0,0,0
BRDA:22,1,0,0
BRDA:22,1,1,0
BRDA:28,2,0,0
BRDA:28,3,0,0
BRDA:28,3,1,0
BRDA:28,3,2,0
BRDA:34,4,0,0
BRDA:40,5,0,0
BRDA:45,6,0,0
BRF:10
BRH:0
end_of_record
TN:
SF:src/utils/memoization.ts
FN:4,deepEqual
FN:37,useMemoizedSelector
FN:42,(anonymous_2)
FN:46,useDeepCallback
FN:60,useDeepMemo
FN:74,useStableReference
FN:85,useMemoizedObject
FN:93,useMemoizedArray
FN:101,useStableProps
FN:112,useStableEventHandler
FN:117,(anonymous_10)
FN:121,(anonymous_11)
FN:127,useExpensiveComputation
FN:158,useStableValue
FNF:14
FNH:2
FNDA:57,deepEqual
FNDA:0,useMemoizedSelector
FNDA:0,(anonymous_2)
FNDA:0,useDeepCallback
FNDA:0,useDeepMemo
FNDA:39,useStableReference
FNDA:0,useMemoizedObject
FNDA:0,useMemoizedArray
FNDA:0,useStableProps
FNDA:0,useStableEventHandler
FNDA:0,(anonymous_10)
FNDA:0,(anonymous_11)
FNDA:0,useExpensiveComputation
FNDA:0,useStableValue
DA:1,1
DA:4,1
DA:5,57
DA:6,12
DA:7,12
DA:9,12
DA:10,6
DA:12,6
DA:13,0
DA:14,0
DA:15,0
DA:17,0
DA:20,6
DA:21,6
DA:23,6
DA:25,6
DA:26,18
DA:27,18
DA:30,0
DA:33,6
DA:37,1
DA:42,0
DA:46,1
DA:50,0
DA:52,0
DA:53,0
DA:56,0
DA:60,1
DA:64,0
DA:66,0
DA:67,0
DA:70,0
DA:74,1
DA:75,39
DA:77,39
DA:78,6
DA:81,39
DA:85,1
DA:89,0
DA:93,1
DA:97,0
DA:101,1
DA:102,0
DA:104,0
DA:105,0
DA:108,0
DA:112,1
DA:115,0
DA:117,0
DA:118,0
DA:121,0
DA:122,0
DA:127,1
DA:135,0
DA:136,0
DA:142,0
DA:144,0
DA:147,0
DA:154,0
DA:158,1
DA:159,0
DA:160,0
DA:162,0
DA:163,0
DA:166,0
LF:65
LH:29
BRDA:5,0,0,45
BRDA:6,1,0,0
BRDA:6,2,0,12
BRDA:6,2,1,12
BRDA:7,3,0,0
BRDA:9,4,0,6
BRDA:10,5,0,0
BRDA:12,6,0,0
BRDA:13,7,0,0
BRDA:15,8,0,0
BRDA:23,9,0,0
BRDA:26,10,0,0
BRDA:27,11,0,6
BRDA:40,12,0,0
BRDA:52,13,0,0
BRDA:52,14,0,0
BRDA:52,14,1,0
BRDA:66,15,0,0
BRDA:66,16,0,0
BRDA:66,16,1,0
BRDA:77,17,0,6
BRDA:104,18,0,0
BRDA:130,19,0,0
BRDA:135,20,0,0
BRDA:135,21,0,0
BRDA:144,22,0,0
BRDA:144,23,0,0
BRDA:144,23,1,0
BRDA:144,23,2,0
BRDA:162,24,0,0
BRF:30
BRH:6
end_of_record
TN:
SF:src/utils/propValidation.ts
FN:29,validateProps
FN:38,(anonymous_2)
FN:68,(anonymous_3)
FN:84,validateType
FN:108,usePropValidation
FN:121,(anonymous_6)
FN:122,(anonymous_7)
FN:123,(anonymous_8)
FN:133,(anonymous_9)
FN:134,(anonymous_10)
FN:135,(anonymous_11)
FN:136,(anonymous_12)
FN:136,(anonymous_13)
FN:139,(anonymous_14)
FN:140,(anonymous_15)
FN:140,(anonymous_16)
FN:141,(anonymous_17)
FN:141,(anonymous_18)
FN:144,(anonymous_19)
FN:144,(anonymous_20)
FN:145,(anonymous_21)
FN:146,(anonymous_22)
FN:146,(anonymous_23)
FN:147,(anonymous_24)
FN:150,(anonymous_25)
FN:151,(anonymous_26)
FN:154,(anonymous_27)
FN:155,(anonymous_28)
FN:200,withPropValidation
FN:206,ValidatedComponent
FN:228,(anonymous_31)
FN:231,(anonymous_32)
FN:234,(anonymous_33)
FNF:33
FNH:1
FNDA:0,validateProps
FNDA:0,(anonymous_2)
FNDA:0,(anonymous_3)
FNDA:0,validateType
FNDA:0,usePropValidation
FNDA:0,(anonymous_6)
FNDA:0,(anonymous_7)
FNDA:0,(anonymous_8)
FNDA:0,(anonymous_9)
FNDA:0,(anonymous_10)
FNDA:0,(anonymous_11)
FNDA:0,(anonymous_12)
FNDA:0,(anonymous_13)
FNDA:0,(anonymous_14)
FNDA:0,(anonymous_15)
FNDA:0,(anonymous_16)
FNDA:0,(anonymous_17)
FNDA:0,(anonymous_18)
FNDA:0,(anonymous_19)
FNDA:0,(anonymous_20)
FNDA:0,(anonymous_21)
FNDA:0,(anonymous_22)
FNDA:0,(anonymous_23)
FNDA:0,(anonymous_24)
FNDA:0,(anonymous_25)
FNDA:0,(anonymous_26)
FNDA:0,(anonymous_27)
FNDA:0,(anonymous_28)
FNDA:9,withPropValidation
FNDA:0,ValidatedComponent
FNDA:0,(anonymous_31)
FNDA:0,(anonymous_32)
FNDA:0,(anonymous_33)
DA:6,2
DA:29,2
DA:34,0
DA:35,0
DA:38,0
DA:39,0
DA:40,0
DA:41,0
DA:44,0
DA:47,0
DA:48,0
DA:52,0
DA:53,0
DA:56,0
DA:60,0
DA:61,0
DA:62,0
DA:63,0
DA:68,0
DA:69,0
DA:70,0
DA:74,0
DA:85,0
DA:87,0
DA:89,0
DA:91,0
DA:93,0
DA:95,0
DA:97,0
DA:99,0
DA:101,0
DA:108,2
DA:113,0
DA:119,2
DA:121,0
DA:122,0
DA:124,0
DA:125,0
DA:126,0
DA:128,0
DA:133,0
DA:134,0
DA:135,0
DA:136,0
DA:139,0
DA:140,0
DA:141,0
DA:144,0
DA:145,0
DA:146,0
DA:147,0
DA:150,0
DA:151,0
DA:154,0
DA:156,0
DA:165,2
DA:200,2
DA:205,9
DA:206,0
DA:207,0
DA:209,0
DA:210,0
DA:213,0
DA:214,0
DA:217,0
DA:221,9
DA:227,2
DA:229,0
DA:232,0
DA:235,0
LF:70
LH:9
BRDA:32,0,0,0
BRDA:39,1,0,0
BRDA:39,2,0,0
BRDA:39,2,1,0
BRDA:47,3,0,0
BRDA:47,4,0,0
BRDA:47,4,1,0
BRDA:52,5,0,0
BRDA:52,6,0,0
BRDA:52,6,1,0
BRDA:60,7,0,0
BRDA:60,8,0,0
BRDA:60,8,1,0
BRDA:61,9,0,0
BRDA:61,9,1,0
BRDA:69,10,0,0
BRDA:85,11,0,0
BRDA:85,11,1,0
BRDA:85,11,2,0
BRDA:85,11,3,0
BRDA:85,11,4,0
BRDA:85,11,5,0
BRDA:85,11,6,0
BRDA:85,11,7,0
BRDA:89,12,0,0
BRDA:89,12,1,0
BRDA:95,13,0,0
BRDA:95,13,1,0
BRDA:95,13,2,0
BRDA:136,14,0,0
BRDA:136,14,1,0
BRDA:156,15,0,0
BRDA:156,15,1,0
BRDA:156,15,2,0
BRDA:156,15,3,0
BRDA:205,16,0,0
BRDA:209,17,0,0
BRDA:213,18,0,0
BRDA:228,19,0,0
BRDA:229,20,0,0
BRDA:229,20,1,0
BRF:41
BRH:0
end_of_record
TN:
SF:src/utils/rateLimitIntegration.ts
FN:32,initializeRateLimitingSystem
FN:70,getRateLimitIntegrationStatus
FN:77,isRateLimitingInitialized
FN:84,rateLimitedApiCall
FN:147,rateLimitedAuthCall
FN:157,rateLimitedSessionCall
FN:167,rateLimitedExportCall
FN:178,(anonymous_8)
FN:183,useRateLimitStatus
FN:193,(anonymous_10)
FN:213,(anonymous_11)
FN:218,(anonymous_12)
FN:232,getRateLimitHeaders
FN:255,formatRateLimitError
FN:275,bypassRateLimitForDevelopment
FN:280,(anonymous_16)
FN:292,getRateLimitMetrics
FNF:17
FNH:0
FNDA:0,initializeRateLimitingSystem
FNDA:0,getRateLimitIntegrationStatus
FNDA:0,isRateLimitingInitialized
FNDA:0,rateLimitedApiCall
FNDA:0,rateLimitedAuthCall
FNDA:0,rateLimitedSessionCall
FNDA:0,rateLimitedExportCall
FNDA:0,(anonymous_8)
FNDA:0,useRateLimitStatus
FNDA:0,(anonymous_10)
FNDA:0,(anonymous_11)
FNDA:0,(anonymous_12)
FNDA:0,getRateLimitHeaders
FNDA:0,formatRateLimitError
FNDA:0,bypassRateLimitForDevelopment
FNDA:0,(anonymous_16)
FNDA:0,getRateLimitMetrics
DA:6,0
DA:7,0
DA:8,0
DA:9,0
DA:10,0
DA:21,0
DA:32,0
DA:33,0
DA:34,0
DA:37,0
DA:38,0
DA:39,0
DA:43,0
DA:44,0
DA:47,0
DA:50,0
DA:51,0
DA:53,0
DA:55,0
DA:62,0
DA:63,0
DA:70,0
DA:71,0
DA:77,0
DA:78,0
DA:84,0
DA:89,0
DA:90,0
DA:91,0
DA:94,0
DA:96,0
DA:97,0
DA:100,0
DA:101,0
DA:105,0
DA:107,0
DA:108,0
DA:115,0
DA:119,0
DA:120,0
DA:121,0
DA:125,0
DA:127,0
DA:133,0
DA:135,0
DA:140,0
DA:147,0
DA:151,0
DA:157,0
DA:161,0
DA:167,0
DA:171,0
DA:178,0
DA:183,0
DA:184,0
DA:190,0
DA:191,0
DA:193,0
DA:194,0
DA:196,0
DA:197,0
DA:199,0
DA:200,0
DA:201,0
DA:207,0
DA:209,0
DA:213,0
DA:214,0
DA:217,0
DA:218,0
DA:221,0
DA:232,0
DA:233,0
DA:235,0
DA:236,0
DA:238,0
DA:240,0
DA:247,0
DA:248,0
DA:255,0
DA:256,0
DA:257,0
DA:258,0
DA:259,0
DA:260,0
DA:262,0
DA:263,0
DA:266,0
DA:269,0
DA:275,0
DA:276,0
DA:277,0
DA:280,0
DA:281,0
DA:285,0
DA:292,0
DA:293,0
DA:294,0
DA:295,0
DA:298,0
DA:299,0
DA:300,0
DA:302,0
DA:310,0
DA:311,0
DA:316,0
DA:318,0
LF:107
LH:0
BRDA:26,0,0,0
BRDA:26,0,1,0
BRDA:37,1,0,0
BRDA:86,2,0,0
BRDA:89,3,0,0
BRDA:96,4,0,0
BRDA:100,5,0,0
BRDA:105,6,0,0
BRDA:105,6,1,0
BRDA:107,7,0,0
BRDA:194,8,0,0
BRDA:207,9,0,0
BRDA:207,9,1,0
BRDA:233,10,0,0
BRDA:236,11,0,0
BRDA:236,11,1,0
BRDA:238,12,0,0
BRDA:241,13,0,0
BRDA:241,13,1,0
BRDA:256,14,0,0
BRDA:258,15,0,0
BRDA:259,16,0,0
BRDA:259,16,1,0
BRDA:263,17,0,0
BRDA:263,17,1,0
BRDA:269,18,0,0
BRDA:269,18,1,0
BRDA:276,19,0,0
BRDA:293,20,0,0
BRDA:316,21,0,0
BRF:30
BRH:0
end_of_record
TN:
SF:src/utils/serviceWorker.ts
FN:6,(anonymous_0)
FN:20,(anonymous_1)
FN:24,(anonymous_2)
FN:45,(anonymous_3)
FN:54,(anonymous_4)
FN:66,(anonymous_5)
FN:71,(anonymous_6)
FN:72,(anonymous_7)
FN:77,(anonymous_8)
FN:86,(anonymous_9)
FNF:10
FNH:0
FNDA:0,(anonymous_0)
FNDA:0,(anonymous_1)
FNDA:0,(anonymous_2)
FNDA:0,(anonymous_3)
FNDA:0,(anonymous_4)
FNDA:0,(anonymous_5)
FNDA:0,(anonymous_6)
FNDA:0,(anonymous_7)
FNDA:0,(anonymous_8)
FNDA:0,(anonymous_9)
DA:6,0
DA:7,0
DA:8,0
DA:9,0
DA:12,0
DA:13,0
DA:17,0
DA:20,0
DA:21,0
DA:23,0
DA:24,0
DA:25,0
DA:27,0
DA:30,0
DA:31,0
DA:38,0
DA:40,0
DA:41,0
DA:45,0
DA:46,0
DA:47,0
DA:50,0
DA:51,0
DA:53,0
DA:54,0
DA:57,0
DA:58,0
DA:60,0
DA:61,0
DA:66,0
DA:67,0
DA:71,0
DA:72,0
DA:73,0
DA:74,0
DA:77,0
DA:78,0
DA:79,0
DA:82,0
DA:83,0
DA:86,0
DA:87,0
DA:88,0
LF:43
LH:0
BRDA:7,0,0,0
BRDA:23,1,0,0
BRDA:25,2,0,0
BRDA:25,3,0,0
BRDA:25,3,1,0
BRDA:30,4,0,0
BRDA:46,5,0,0
BRF:7
BRH:0
end_of_record
TN:
SF:src/utils/serviceWrapper.ts
FN:22,withErrorHandling
FN:26,(anonymous_1)
FN:42,withRetry
FN:46,(anonymous_3)
FN:50,(anonymous_4)
FN:64,withTimeout
FN:69,(anonymous_6)
FN:70,(anonymous_7)
FN:71,(anonymous_8)
FN:97,withValidation
FN:102,(anonymous_10)
FN:128,createServiceMethod
FN:161,createBatchOperation
FN:168,(anonymous_13)
FN:176,(anonymous_14)
FN:195,(anonymous_15)
FN:205,ServiceClass
FN:206,(anonymous_17)
FN:208,(anonymous_18)
FN:219,ServiceMethod
FN:224,(anonymous_20)
FNF:21
FNH:0
FNDA:0,withErrorHandling
FNDA:0,(anonymous_1)
FNDA:0,withRetry
FNDA:0,(anonymous_3)
FNDA:0,(anonymous_4)
FNDA:0,withTimeout
FNDA:0,(anonymous_6)
FNDA:0,(anonymous_7)
FNDA:0,(anonymous_8)
FNDA:0,withValidation
FNDA:0,(anonymous_10)
FNDA:0,createServiceMethod
FNDA:0,createBatchOperation
FNDA:0,(anonymous_13)
FNDA:0,(anonymous_14)
FNDA:0,(anonymous_15)
FNDA:0,ServiceClass
FNDA:0,(anonymous_17)
FNDA:0,(anonymous_18)
FNDA:0,ServiceMethod
FNDA:0,(anonymous_20)
DA:6,0
DA:7,0
DA:8,0
DA:22,0
DA:26,0
DA:27,0
DA:28,0
DA:30,0
DA:34,0
DA:42,0
DA:46,0
DA:47,0
DA:49,0
DA:50,0
DA:64,0
DA:69,0
DA:70,0
DA:71,0
DA:72,0
DA:79,0
DA:80,0
DA:85,0
DA:89,0
DA:97,0
DA:102,0
DA:103,0
DA:104,0
DA:106,0
DA:107,0
DA:111,0
DA:114,0
DA:116,0
DA:120,0
DA:128,0
DA:136,0
DA:139,0
DA:140,0
DA:144,0
DA:145,0
DA:149,0
DA:150,0
DA:152,0
DA:155,0
DA:161,0
DA:168,0
DA:169,0
DA:170,0
DA:171,0
DA:173,0
DA:174,0
DA:176,0
DA:177,0
DA:178,0
DA:180,0
DA:181,0
DA:186,0
DA:187,0
DA:190,0
DA:194,0
DA:195,0
DA:198,0
DA:205,0
DA:206,0
DA:207,0
DA:209,0
DA:210,0
DA:219,0
DA:224,0
DA:225,0
DA:226,0
DA:228,0
DA:233,0
LF:72
LH:0
BRDA:34,0,0,0
BRDA:34,0,1,0
BRDA:47,1,0,0
BRDA:47,1,1,0
BRDA:89,2,0,0
BRDA:89,2,1,0
BRDA:106,3,0,0
BRDA:107,4,0,0
BRDA:107,4,1,0
BRDA:120,5,0,0
BRDA:120,5,1,0
BRDA:139,6,0,0
BRDA:144,7,0,0
BRDA:149,8,0,0
BRDA:149,8,1,0
BRDA:149,9,0,0
BRDA:149,9,1,0
BRDA:170,10,0,0
BRDA:170,10,1,0
BRDA:186,11,0,0
BRF:20
BRH:0
end_of_record
TN:
SF:src/utils/stateNormalization.ts
FN:30,normalizeTherapists
FN:34,(anonymous_1)
FN:42,normalizeRooms
FN:46,(anonymous_3)
FN:54,normalizeServices
FN:58,(anonymous_5)
FN:66,normalizeSessions
FN:70,(anonymous_7)
FN:78,normalizeWalkOuts
FN:82,(anonymous_9)
FN:91,denormalizeTherapists
FN:92,(anonymous_11)
FN:95,denormalizeRooms
FN:96,(anonymous_13)
FN:99,denormalizeServices
FN:100,(anonymous_15)
FN:103,denormalizeSessions
FN:104,(anonymous_17)
FN:107,denormalizeWalkOuts
FN:108,(anonymous_19)
FN:112,selectTherapistById
FN:116,selectRoomById
FN:120,selectServiceById
FN:124,selectSessionById
FN:128,selectWalkOutById
FN:133,updateTherapistInNormalized
FN:150,updateRoomInNormalized
FN:167,updateSessionInNormalized
FN:185,addTherapistToNormalized
FN:200,addSessionToNormalized
FN:216,removeTherapistFromNormalized
FN:225,(anonymous_31)
FN:229,removeSessionFromNormalized
FN:238,(anonymous_33)
FNF:34
FNH:0
FNDA:0,normalizeTherapists
FNDA:0,(anonymous_1)
FNDA:0,normalizeRooms
FNDA:0,(anonymous_3)
FNDA:0,normalizeServices
FNDA:0,(anonymous_5)
FNDA:0,normalizeSessions
FNDA:0,(anonymous_7)
FNDA:0,normalizeWalkOuts
FNDA:0,(anonymous_9)
FNDA:0,denormalizeTherapists
FNDA:0,(anonymous_11)
FNDA:0,denormalizeRooms
FNDA:0,(anonymous_13)
FNDA:0,denormalizeServices
FNDA:0,(anonymous_15)
FNDA:0,denormalizeSessions
FNDA:0,(anonymous_17)
FNDA:0,denormalizeWalkOuts
FNDA:0,(anonymous_19)
FNDA:0,selectTherapistById
FNDA:0,selectRoomById
FNDA:0,selectServiceById
FNDA:0,selectSessionById
FNDA:0,selectWalkOutById
FNDA:0,updateTherapistInNormalized
FNDA:0,updateRoomInNormalized
FNDA:0,updateSessionInNormalized
FNDA:0,addTherapistToNormalized
FNDA:0,addSessionToNormalized
FNDA:0,removeTherapistFromNormalized
FNDA:0,(anonymous_31)
FNDA:0,removeSessionFromNormalized
FNDA:0,(anonymous_33)
DA:30,0
DA:31,0
DA:32,0
DA:34,0
DA:35,0
DA:36,0
DA:39,0
DA:42,0
DA:43,0
DA:44,0
DA:46,0
DA:47,0
DA:48,0
DA:51,0
DA:54,0
DA:55,0
DA:56,0
DA:58,0
DA:59,0
DA:60,0
DA:63,0
DA:66,0
DA:67,0
DA:68,0
DA:70,0
DA:71,0
DA:72,0
DA:75,0
DA:78,0
DA:79,0
DA:80,0
DA:82,0
DA:83,0
DA:84,0
DA:87,0
DA:91,0
DA:92,0
DA:95,0
DA:96,0
DA:99,0
DA:100,0
DA:103,0
DA:104,0
DA:107,0
DA:108,0
DA:112,0
DA:113,0
DA:116,0
DA:117,0
DA:120,0
DA:121,0
DA:124,0
DA:125,0
DA:128,0
DA:129,0
DA:133,0
DA:138,0
DA:139,0
DA:141,0
DA:150,0
DA:155,0
DA:156,0
DA:158,0
DA:167,0
DA:172,0
DA:173,0
DA:175,0
DA:185,0
DA:189,0
DA:191,0
DA:200,0
DA:204,0
DA:206,0
DA:216,0
DA:220,0
DA:222,0
DA:223,0
DA:225,0
DA:229,0
DA:233,0
DA:235,0
DA:236,0
DA:238,0
LF:83
LH:0
BRDA:139,0,0,0
BRDA:156,1,0,0
BRDA:173,2,0,0
BRDA:189,3,0,0
BRDA:204,4,0,0
BRDA:220,5,0,0
BRDA:233,6,0,0
BRF:7
BRH:0
end_of_record
TN:
SF:src/utils/supabase.ts
FN:1,(anonymous_0)
FNF:1
FNH:0
FNDA:0,(anonymous_0)
DA:1,7
LF:1
LH:1
BRF:0
BRH:0
end_of_record
TN:
SF:src/utils/testSupabaseConnection.ts
FN:3,testSupabaseConnection
FN:22,testSessionsTable
FN:40,testSessionsTableStructure
FNF:3
FNH:0
FNDA:0,testSupabaseConnection
FNDA:0,testSessionsTable
FNDA:0,testSessionsTableStructure
DA:1,0
DA:3,0
DA:4,0
DA:6,0
DA:11,0
DA:12,0
DA:15,0
DA:17,0
DA:22,0
DA:23,0
DA:24,0
DA:29,0
DA:30,0
DA:33,0
DA:35,0
DA:40,0
DA:41,0
DA:43,0
DA:48,0
DA:49,0
DA:53,0
DA:68,0
DA:73,0
DA:74,0
DA:78,0
DA:79,0
DA:85,0
DA:87,0
LF:28
LH:0
BRDA:11,0,0,0
BRDA:29,1,0,0
BRDA:48,2,0,0
BRDA:73,3,0,0
BRDA:78,4,0,0
BRDA:78,5,0,0
BRDA:78,5,1,0
BRF:7
BRH:0
end_of_record
TN:
SF:src/utils/validation.ts
FN:24,validateField
FN:86,validateFields
FN:114,(anonymous_2)
FN:136,(anonymous_3)
FN:149,(anonymous_4)
FN:163,(anonymous_5)
FN:177,(anonymous_6)
FN:199,(anonymous_7)
FN:212,(anonymous_8)
FN:229,(anonymous_9)
FN:250,(anonymous_10)
FN:266,sanitizeInput
FN:281,validateAndSanitizeText
FN:298,validateTherapist
FN:307,validateSession
FN:313,(anonymous_15)
FN:340,validateWalkOut
FNF:17
FNH:7
FNDA:37,validateField
FNDA:6,validateFields
FNDA:1,(anonymous_2)
FNDA:0,(anonymous_3)
FNDA:0,(anonymous_4)
FNDA:2,(anonymous_5)
FNDA:0,(anonymous_6)
FNDA:0,(anonymous_7)
FNDA:0,(anonymous_8)
FNDA:0,(anonymous_9)
FNDA:0,(anonymous_10)
FNDA:0,sanitizeInput
FNDA:0,validateAndSanitizeText
FNDA:2,validateTherapist
FNDA:2,validateSession
FNDA:2,(anonymous_15)
FNDA:0,validateWalkOut
DA:24,1
DA:25,37
DA:28,37
DA:29,7
DA:30,7
DA:34,30
DA:35,3
DA:39,27
DA:40,18
DA:41,2
DA:44,18
DA:45,1
DA:49,18
DA:51,4
DA:52,4
DA:53,4
DA:59,27
DA:60,7
DA:61,2
DA:64,7
DA:65,1
DA:70,27
DA:71,7
DA:72,7
DA:73,2
DA:77,27
DA:86,1
DA:87,6
DA:88,6
DA:90,6
DA:91,16
DA:92,16
DA:93,6
DA:94,6
DA:98,6
DA:107,1
DA:115,1
DA:116,1
DA:117,0
DA:119,1
DA:137,0
DA:138,0
DA:139,0
DA:141,0
DA:150,0
DA:151,0
DA:152,0
DA:154,0
DA:164,2
DA:165,2
DA:166,0
DA:168,2
DA:179,0
DA:181,0
DA:182,0
DA:184,0
DA:200,0
DA:201,0
DA:202,0
DA:204,0
DA:213,0
DA:214,0
DA:215,0
DA:217,0
DA:218,0
DA:220,0
DA:230,0
DA:231,0
DA:232,0
DA:234,0
DA:235,0
DA:237,0
DA:238,0
DA:240,0
DA:251,0
DA:252,0
DA:253,0
DA:255,0
DA:256,0
DA:258,0
DA:266,1
DA:267,0
DA:268,0
DA:271,0
DA:281,1
DA:286,0
DA:287,0
DA:289,0
DA:298,1
DA:299,2
DA:307,1
DA:308,2
DA:314,2
DA:315,2
DA:316,1
DA:318,1
DA:340,1
DA:341,0
LF:98
LH:53
BRDA:28,0,0,7
BRDA:28,1,0,37
BRDA:28,1,1,18
BRDA:28,1,2,16
BRDA:28,1,3,15
BRDA:34,2,0,3
BRDA:34,3,0,30
BRDA:34,3,1,19
BRDA:34,3,2,18
BRDA:34,3,3,18
BRDA:39,4,0,18
BRDA:40,5,0,2
BRDA:40,6,0,18
BRDA:40,6,1,7
BRDA:44,7,0,1
BRDA:44,8,0,18
BRDA:44,8,1,5
BRDA:49,9,0,4
BRDA:49,10,0,18
BRDA:49,10,1,7
BRDA:51,11,0,0
BRDA:51,11,1,4
BRDA:52,12,0,4
BRDA:59,13,0,7
BRDA:60,14,0,2
BRDA:60,15,0,7
BRDA:60,15,1,7
BRDA:64,16,0,1
BRDA:64,17,0,7
BRDA:64,17,1,7
BRDA:70,18,0,7
BRDA:72,19,0,2
BRDA:92,20,0,6
BRDA:116,21,0,0
BRDA:116,22,0,1
BRDA:116,22,1,1
BRDA:138,23,0,0
BRDA:138,24,0,0
BRDA:138,24,1,0
BRDA:151,25,0,0
BRDA:151,26,0,0
BRDA:151,26,1,0
BRDA:165,27,0,0
BRDA:165,28,0,2
BRDA:165,28,1,1
BRDA:179,29,0,0
BRDA:179,29,1,0
BRDA:181,30,0,0
BRDA:181,31,0,0
BRDA:181,31,1,0
BRDA:181,31,2,0
BRDA:201,32,0,0
BRDA:201,33,0,0
BRDA:201,33,1,0
BRDA:201,33,2,0
BRDA:214,34,0,0
BRDA:214,35,0,0
BRDA:214,35,1,0
BRDA:217,36,0,0
BRDA:217,37,0,0
BRDA:217,37,1,0
BRDA:231,38,0,0
BRDA:231,39,0,0
BRDA:231,39,1,0
BRDA:234,40,0,0
BRDA:234,41,0,0
BRDA:234,41,1,0
BRDA:237,42,0,0
BRDA:237,43,0,0
BRDA:237,43,1,0
BRDA:252,44,0,0
BRDA:252,45,0,0
BRDA:252,45,1,0
BRDA:255,46,0,0
BRDA:255,47,0,0
BRDA:255,47,1,0
BRDA:267,48,0,0
BRDA:315,49,0,1
BRDA:315,50,0,2
BRDA:315,50,1,2
BRDA:331,51,0,2
BRDA:331,51,1,1
BRDA:344,52,0,0
BRDA:344,52,1,0
BRF:84
BRH:41
end_of_record
TN:
SF:src/utils/workingHours.ts
FN:13,calculateWorkingHours
FN:45,calculateAllWorkingHours
FN:49,(anonymous_2)
FN:58,formatTime
FN:69,formatDateTime
FN:82,formatWorkingHours
FNF:6
FNH:6
FNDA:7,calculateWorkingHours
FNDA:1,calculateAllWorkingHours
FNDA:2,(anonymous_2)
FNDA:1,formatTime
FNDA:1,formatDateTime
FNDA:5,formatWorkingHours
DA:13,2
DA:14,7
DA:15,1
DA:18,6
DA:19,6
DA:21,6
DA:23,6
DA:24,1
DA:27,5
DA:28,5
DA:30,5
DA:34,5
DA:45,2
DA:49,2
DA:58,2
DA:59,1
DA:69,2
DA:70,1
DA:82,2
DA:83,5
DA:84,5
DA:86,5
DA:87,0
DA:89,5
LF:24
LH:23
BRDA:14,0,0,1
BRDA:19,1,0,5
BRDA:19,1,1,1
BRDA:23,2,0,1
BRDA:30,3,0,5
BRDA:30,3,1,0
BRDA:86,4,0,0
BRDA:87,5,0,0
BRDA:87,5,1,0
BRF:9
BRH:5
end_of_record
